[2015-12-14 03:58:49] ICE Hrm.INFO: Api File:C:\xampp\htdocs\hris/admin/dashboard/api/DashboardActionManager.php [] []
[2015-12-14 04:07:51] ICE Hrm.INFO: Api File:C:\xampp\htdocs\hris/admin/dashboard/api/DashboardActionManager.php [] []
[2015-12-14 04:10:21] ICE Hrm.INFO: Api File:C:\xampp\htdocs\hris/admin/dashboard/api/DashboardActionManager.php [] []
[2015-12-14 04:25:21] ICE Hrm.INFO: Sending email to: icehrm+admin@web-stalk.com/ from: ICE Hrm <icehrm@mydomain.com> [] []
[2015-12-14 04:25:23] ICE Hrm.INFO: Sending email to: icehrm+admin@web-stalk.com/ from: ICE Hrm <icehrm@mydomain.com> [] []
[2015-12-14 04:25:50] ICE Hrm.INFO: Api File:C:\xampp\htdocs\hris/admin/dashboard/api/DashboardActionManager.php [] []
[2015-12-14 04:29:21] ICE Hrm.INFO: Api File:C:\xampp\htdocs\hris/admin/dashboard/api/DashboardActionManager.php [] []
[2015-12-14 04:29:38] ICE Hrm.INFO: Api File:C:\xampp\htdocs\hris/admin/dashboard/api/DashboardActionManager.php [] []
[2015-12-14 04:30:01] ICE Hrm.INFO: Api File:C:\xampp\htdocs\hris/admin/dashboard/api/DashboardActionManager.php [] []
[2015-12-14 05:44:30] SGTSI HRIS.INFO: Api File:C:\xampp\htdocs\hris/admin/dashboard/api/DashboardActionManager.php [] []
[2015-12-14 05:45:55] SGTSI HRIS.INFO: Api File:C:\xampp\htdocs\hris/admin/dashboard/api/DashboardActionManager.php [] []
[2015-12-14 05:46:08] SGTSI HRIS.INFO: Api File:C:\xampp\htdocs\hris/admin/dashboard/api/DashboardActionManager.php [] []
[2015-12-14 05:46:17] SGTSI HRIS.INFO: Api File:C:\xampp\htdocs\hris/admin/dashboard/api/DashboardActionManager.php [] []
[2015-12-14 05:47:58] SGTSI HRIS.INFO: Api File:C:\xampp\htdocs\hris/admin/dashboard/api/DashboardActionManager.php [] []
[2015-12-14 05:49:53] SGTSI HRIS.INFO: Api File:C:\xampp\htdocs\hris/admin/dashboard/api/DashboardActionManager.php [] []
[2015-12-14 05:50:47] SGTSI HRIS.INFO: Api File:C:\xampp\htdocs\hris/admin/dashboard/api/DashboardActionManager.php [] []
[2015-12-14 05:51:37] SGTSI HRIS.INFO: Api File:C:\xampp\htdocs\hris/admin/dashboard/api/DashboardActionManager.php [] []
[2015-12-14 05:51:49] SGTSI HRIS.INFO: Api File:C:\xampp\htdocs\hris/admin/dashboard/api/DashboardActionManager.php [] []
[2015-12-14 05:52:14] SGTSI HRIS.INFO: Api File:C:\xampp\htdocs\hris/admin/dashboard/api/DashboardActionManager.php [] []
[2015-12-14 05:52:56] SGTSI HRIS.INFO: Api File:C:\xampp\htdocs\hris/admin/dashboard/api/DashboardActionManager.php [] []
[2015-12-14 05:53:32] SGTSI HRIS.INFO: Api File:C:\xampp\htdocs\hris/admin/dashboard/api/DashboardActionManager.php [] []
[2015-12-14 05:54:16] SGTSI HRIS.INFO: Api File:C:\xampp\htdocs\hris/admin/dashboard/api/DashboardActionManager.php [] []
[2015-12-14 05:54:57] SGTSI HRIS.INFO: Api File:C:\xampp\htdocs\hris/admin/dashboard/api/DashboardActionManager.php [] []
[2015-12-14 05:55:44] SGTSI HRIS.INFO: Api File:C:\xampp\htdocs\hris/admin/dashboard/api/DashboardActionManager.php [] []
[2015-12-14 05:56:12] SGTSI HRIS.INFO: Api File:C:\xampp\htdocs\hris/admin/dashboard/api/DashboardActionManager.php [] []
[2015-12-14 05:57:18] SGTSI HRIS.INFO: Api File:C:\xampp\htdocs\hris/admin/dashboard/api/DashboardActionManager.php [] []
[2015-12-14 06:01:43] SGTSI HRIS.INFO: Api File:C:\xampp\htdocs\hris/admin/dashboard/api/DashboardActionManager.php [] []
[2015-12-14 06:02:26] SGTSI HRIS.INFO: Api File:C:\xampp\htdocs\hris/admin/dashboard/api/DashboardActionManager.php [] []
[2015-12-14 06:03:36] SGTSI HRIS.INFO: Api File:C:\xampp\htdocs\hris/admin/dashboard/api/DashboardActionManager.php [] []
[2015-12-14 06:04:59] SGTSI HRIS.INFO: Api File:C:\xampp\htdocs\hris/admin/dashboard/api/DashboardActionManager.php [] []
[2015-12-14 06:07:04] SGTSI HRIS.INFO: Api File:C:\xampp\htdocs\hris/admin/dashboard/api/DashboardActionManager.php [] []
[2015-12-14 06:07:40] SGTSI HRIS.INFO: Api File:C:\xampp\htdocs\hris/admin/dashboard/api/DashboardActionManager.php [] []
[2015-12-14 06:08:27] SGTSI HRIS.INFO: Api File:C:\xampp\htdocs\hris/admin/dashboard/api/DashboardActionManager.php [] []
[2015-12-14 06:10:00] SGTSI HRIS.INFO: Api File:C:\xampp\htdocs\hris/admin/dashboard/api/DashboardActionManager.php [] []
[2015-12-14 06:10:17] SGTSI HRIS.INFO: Api File:C:\xampp\htdocs\hris/admin/dashboard/api/DashboardActionManager.php [] []
[2015-12-14 06:11:09] SGTSI HRIS.INFO: Api File:C:\xampp\htdocs\hris/admin/dashboard/api/DashboardActionManager.php [] []
[2015-12-14 06:11:41] SGTSI HRIS.INFO: Api File:C:\xampp\htdocs\hris/admin/dashboard/api/DashboardActionManager.php [] []
[2015-12-14 06:12:36] SGTSI HRIS.INFO: Api File:C:\xampp\htdocs\hris/admin/dashboard/api/DashboardActionManager.php [] []
[2015-12-14 06:16:35] SGTSI HRIS.INFO: Api File:C:\xampp\htdocs\hris/admin/dashboard/api/DashboardActionManager.php [] []
[2015-12-14 06:19:58] SGTSI HRIS.INFO: Api File:C:\xampp\htdocs\hris/admin/dashboard/api/DashboardActionManager.php [] []
[2015-12-14 06:20:24] SGTSI HRIS.INFO: Api File:C:\xampp\htdocs\hris/admin/dashboard/api/DashboardActionManager.php [] []
[2015-12-14 06:20:50] SGTSI HRIS.INFO: Api File:C:\xampp\htdocs\hris/admin/dashboard/api/DashboardActionManager.php [] []
[2015-12-14 06:21:05] SGTSI HRIS.INFO: Api File:C:\xampp\htdocs\hris/admin/dashboard/api/DashboardActionManager.php [] []
[2015-12-14 06:21:18] SGTSI HRIS.INFO: Api File:C:\xampp\htdocs\hris/admin/dashboard/api/DashboardActionManager.php [] []
[2015-12-14 06:21:34] SGTSI HRIS.INFO: Api File:C:\xampp\htdocs\hris/admin/dashboard/api/DashboardActionManager.php [] []
[2015-12-14 06:25:51] SGTSI HRIS.INFO: Api File:C:\xampp\htdocs\hris/admin/dashboard/api/DashboardActionManager.php [] []
[2015-12-14 06:38:15] SGTSI HRIS.INFO: Api File:C:\xampp\htdocs\hris/admin/dashboard/api/DashboardActionManager.php [] []
[2015-12-14 06:41:13] SGTSI HRIS.INFO: Api File:C:\xampp\htdocs\hris/admin/users/api/UsersActionManager.php [] []
[2015-12-14 06:41:13] SGTSI HRIS.INFO: [sendWelcomeUserEmail] sending email to abigail.luzon@sparkglobaltech.com : Dear #_name_#,<br/><br/> Your account in <b>IceHrm</b> has been created on <a href="#_url_#">#_url_#</a><br/><br/>   <b>Please find your account information below:</b><br/><br/> Username: <b>#_username_#</b><br/> Email:    <b>#_email_#</b> (You can use, username or email to login)<br/> Password: <b>#_password_#</b> (Strongly advised to change this password once logged in)<br/> <br/>   To get started, follow this link: <b><a href="#_url_#">#_url_#</a></b><br/><br/>  <font face="Arial, sans-serif" size="1" color="#4a4a4a"> THIS IS AN AUTOMATED EMAIL - REPLIES WILL BE SENT TO #_adminEmail_# </font> <br/> <br/> [] []
[2015-12-14 06:41:13] SGTSI HRIS.INFO: Sending email to: abigail.luzon@sparkglobaltech.com/ from: SGTSI HRIS <icehrm@mydomain.com> [] []
[2015-12-14 06:55:07] SGTSI HRIS.INFO: Api File:C:\xampp\htdocs\hris/admin/users/api/UsersActionManager.php [] []
[2015-12-14 06:57:26] SGTSI HRIS.INFO: Api File:C:\xampp\htdocs\hris/modules/attendance/api/AttendanceActionManager.php [] []
[2015-12-14 06:57:26] SGTSI HRIS.INFO: Api File:C:\xampp\htdocs\hris/modules/dashboard/api/DashboardActionManager.php [] []
[2015-12-14 06:57:27] SGTSI HRIS.INFO: Api File:C:\xampp\htdocs\hris/modules/dashboard/api/DashboardActionManager.php [] []
[2015-12-14 06:57:27] SGTSI HRIS.INFO: Api File:C:\xampp\htdocs\hris/modules/dashboard/api/DashboardActionManager.php [] []
[2015-12-14 06:58:01] SGTSI HRIS.INFO: Api File:C:\xampp\htdocs\hris/modules/attendance/api/AttendanceActionManager.php [] []
[2015-12-14 06:58:01] SGTSI HRIS.INFO: Api File:C:\xampp\htdocs\hris/modules/dashboard/api/DashboardActionManager.php [] []
[2015-12-14 06:58:01] SGTSI HRIS.INFO: Api File:C:\xampp\htdocs\hris/modules/dashboard/api/DashboardActionManager.php [] []
[2015-12-14 06:58:02] SGTSI HRIS.INFO: Api File:C:\xampp\htdocs\hris/modules/dashboard/api/DashboardActionManager.php [] []
[2015-12-14 06:58:16] SGTSI HRIS.INFO: Api File:C:\xampp\htdocs\hris/modules/employees/api/EmployeesActionManager.php [] []
