[14-Dec-2015 06:58:33 Europe/Berlin] PHP Fatal error:  Class 'SalaryComponent' not found in C:\xampp\htdocs\hris\classes\BaseService.php on line 645
[14-Dec-2015 06:58:34 Europe/Berlin] PHP Fatal error:  Class 'SalaryComponent' not found in C:\xampp\htdocs\hris\classes\BaseService.php on line 645
[2015-12-14 06:58:53] SGTSI HRIS.INFO: {"supervisor":"__myid__"} [] []
[2015-12-14 06:59:00] SGTSI HRIS.INFO: Api File:C:\xampp\htdocs\hris/modules/attendance/api/AttendanceActionManager.php [] []
[2015-12-14 06:59:24] SGTSI HRIS.INFO: {"supervisor":"__myid__"} [] []
[2015-12-14 07:00:21] SGTSI HRIS.INFO: Api File:C:\xampp\htdocs\hris/admin/dashboard/api/DashboardActionManager.php [] []
[2015-12-14 07:37:35] SGTSI HRIS.INFO: Api File:C:\xampp\htdocs\hris/admin/dashboard/api/DashboardActionManager.php [] []
[2015-12-14 07:37:51] SGTSI HRIS.INFO: Api File:C:\xampp\htdocs\hris/admin/dashboard/api/DashboardActionManager.php [] []
[2015-12-14 07:39:36] SGTSI HRIS.INFO: Api File:C:\xampp\htdocs\hris/admin/users/api/UsersActionManager.php [] []
[2015-12-14 07:39:47] SGTSI HRIS.INFO: Api File:C:\xampp\htdocs\hris/admin/users/api/UsersActionManager.php [] []
[2015-12-14 07:39:47] SGTSI HRIS.INFO: [sendWelcomeUserEmail] sending email to abigail.luzon@hotmail.com : Dear #_name_#,<br/><br/> Your account in <b>IceHrm</b> has been created on <a href="#_url_#">#_url_#</a><br/><br/>   <b>Please find your account information below:</b><br/><br/> Username: <b>#_username_#</b><br/> Email:    <b>#_email_#</b> (You can use, username or email to login)<br/> Password: <b>#_password_#</b> (Strongly advised to change this password once logged in)<br/> <br/>   To get started, follow this link: <b><a href="#_url_#">#_url_#</a></b><br/><br/>  <font face="Arial, sans-serif" size="1" color="#4a4a4a"> THIS IS AN AUTOMATED EMAIL - REPLIES WILL BE SENT TO #_adminEmail_# </font> <br/> <br/> [] []
[2015-12-14 07:39:47] SGTSI HRIS.INFO: Sending email to: abigail.luzon@hotmail.com/ from: SGTSI HRIS <icehrm@mydomain.com> [] []
[2015-12-14 07:39:52] SGTSI HRIS.INFO: Api File:C:\xampp\htdocs\hris/admin/users/api/UsersActionManager.php [] []
[2015-12-14 07:40:17] SGTSI HRIS.INFO: Api File:C:\xampp\htdocs\hris/admin/users/api/UsersActionManager.php [] []
[2015-12-14 07:40:17] SGTSI HRIS.INFO: [sendWelcomeUserEmail] sending email to abigail.luzon@hotmail.com : Dear #_name_#,<br/><br/> Your account in <b>IceHrm</b> has been created on <a href="#_url_#">#_url_#</a><br/><br/>   <b>Please find your account information below:</b><br/><br/> Username: <b>#_username_#</b><br/> Email:    <b>#_email_#</b> (You can use, username or email to login)<br/> Password: <b>#_password_#</b> (Strongly advised to change this password once logged in)<br/> <br/>   To get started, follow this link: <b><a href="#_url_#">#_url_#</a></b><br/><br/>  <font face="Arial, sans-serif" size="1" color="#4a4a4a"> THIS IS AN AUTOMATED EMAIL - REPLIES WILL BE SENT TO #_adminEmail_# </font> <br/> <br/> [] []
[2015-12-14 07:40:17] SGTSI HRIS.INFO: Sending email to: abigail.luzon@hotmail.com/ from: SGTSI HRIS <icehrm@mydomain.com> [] []
[2015-12-14 07:52:17] SGTSI HRIS.INFO: Api File:C:\xampp\htdocs\hris/admin/users/api/UsersActionManager.php [] []
[2015-12-14 07:52:17] SGTSI HRIS.INFO: [sendWelcomeUserEmail] sending email to abigail.luzon@hotmail.com : Dear #_name_#,<br/><br/> Your account in <b>IceHrm</b> has been created on <a href="#_url_#">#_url_#</a><br/><br/>   <b>Please find your account information below:</b><br/><br/> Username: <b>#_username_#</b><br/> Email:    <b>#_email_#</b> (You can use, username or email to login)<br/> Password: <b>#_password_#</b> (Strongly advised to change this password once logged in)<br/> <br/>   To get started, follow this link: <b><a href="#_url_#">#_url_#</a></b><br/><br/>  <font face="Arial, sans-serif" size="1" color="#4a4a4a"> THIS IS AN AUTOMATED EMAIL - REPLIES WILL BE SENT TO #_adminEmail_# </font> <br/> <br/> [] []
[2015-12-14 07:52:17] SGTSI HRIS.INFO: Sending email to: abigail.luzon@hotmail.com/ from: SGTSI HRIS <icehrm@mydomain.com> [] []
[2015-12-14 07:59:41] SGTSI HRIS.INFO: Api File:C:\xampp\htdocs\hris/admin/users/api/UsersActionManager.php [] []
[2015-12-14 07:59:41] SGTSI HRIS.INFO: [sendWelcomeUserEmail] sending email to abigail.luzon@hotmail.com : Dear #_name_#,<br/><br/> Your account in <b>SGTSI HRIS</b> has been created on <a href="#_url_#">#_url_#</a><br/><br/>   <b>Please find your account information below:</b><br/><br/> Username: <b>#_username_#</b><br/> Email:    <b>#_email_#</b> (You can use, username or email to login)<br/> Password: <b>#_password_#</b> (Strongly advised to change this password once logged in)<br/> <br/>   To get started, follow this link: <b><a href="#_url_#">#_url_#</a></b><br/><br/>  <font face="Arial, sans-serif" size="1" color="#4a4a4a"> THIS IS AN AUTOMATED EMAIL - REPLIES WILL BE SENT TO #_adminEmail_# </font> <br/> <br/> [] []
[2015-12-14 07:59:41] SGTSI HRIS.INFO: Sending email to: abigail.luzon@hotmail.com/ from: SGTSI HRIS <icehrm@mydomain.com> [] []
[2015-12-14 08:00:14] SGTSI HRIS.INFO: Api File:C:\xampp\htdocs\hris/admin/users/api/UsersActionManager.php [] []
[2015-12-14 08:00:14] SGTSI HRIS.INFO: [sendWelcomeUserEmail] sending email to abigail.luzon@hotmail.com : Dear #_name_#,<br/><br/> Your account in <b>SGTSI HRIS</b> has been created on <a href="#_url_#">#_url_#</a><br/><br/>   <b>Please find your account information below:</b><br/><br/> Username: <b>#_username_#</b><br/> Email:    <b>#_email_#</b> (You can use, username or email to login)<br/> Password: <b>#_password_#</b> (Strongly advised to change this password once logged in)<br/> <br/>   To get started, follow this link: <b><a href="#_url_#">#_url_#</a></b><br/><br/>  <font face="Arial, sans-serif" size="1" color="#4a4a4a"> THIS IS AN AUTOMATED EMAIL - REPLIES WILL BE SENT TO #_adminEmail_# </font> <br/> <br/> [] []
[2015-12-14 08:00:14] SGTSI HRIS.INFO: Sending email to: abigail.luzon@hotmail.com/ from: SGTSI HRIS <icehrm@mydomain.com> [] []
[2015-12-14 08:00:42] SGTSI HRIS.INFO: Api File:C:\xampp\htdocs\hris/admin/users/api/UsersActionManager.php [] []
[2015-12-14 08:01:58] SGTSI HRIS.INFO: Api File:C:\xampp\htdocs\hris/modules/dashboard/api/DashboardActionManager.php [] []
[2015-12-14 08:01:59] SGTSI HRIS.INFO: Api File:C:\xampp\htdocs\hris/modules/dashboard/api/DashboardActionManager.php [] []
]
[14-Dec-2015 08:02:16 Europe/Berlin] PHP Fatal error:  Class 'SalaryComponent' not found in C:\xampp\htdocs\hris\classes\BaseService.php on line 645
[14-Dec-2015 08:02:16 Europe/Berlin] PHP Fatal error:  Class 'SalaryComponent' not found in C:\xampp\htdocs\hris\classes\BaseService.php on line 645
[2015-12-14 08:08:34] SGTSI HRIS.INFO: Api File:C:\xampp\htdocs\hris/admin/dashboard/api/DashboardActionManager.php [] []
[2015-12-14 08:08:40] SGTSI HRIS.INFO: Api File:C:\xampp\htdocs\hris/admin/dashboard/api/DashboardActionManager.php [] []
[2015-12-14 08:08:49] SGTSI HRIS.INFO: Api File:C:\xampp\htdocs\hris/admin/dashboard/api/DashboardActionManager.php [] []
[2015-12-14 08:36:28] SGTSI HRIS.INFO: Api File:C:\xampp\htdocs\hris/admin/dashboard/api/DashboardActionManager.php [] []
[2015-12-14 09:09:16] SGTSI HRIS.INFO: Api File:C:\xampp\htdocs\hris/admin/dashboard/api/DashboardActionManager.php [] []
[2015-12-14 09:17:50] SGTSI HRIS.INFO: Api File:C:\xampp\htdocs\hris/admin/dashboard/api/DashboardActionManager.php [] []
[2015-12-14 09:20:31] SGTSI HRIS.INFO: Api File:C:\xampp\htdocs\hris/modules/attendance/api/AttendanceActionManager.php [] []
[2015-12-14 09:20:31] SGTSI HRIS.INFO: Api File:C:\xampp\htdocs\hris/modules/dashboard/api/DashboardActionManager.php [] []
[2015-12-14 09:20:31] SGTSI HRIS.INFO: Api File:C:\xampp\htdocs\hris/modules/dashboard/api/DashboardActionManager.php [] []
[2015-12-14 09:20:31] SGTSI HRIS.INFO: Api File:C:\xampp\htdocs\hris/modules/dashboard/api/DashboardActionManager.php [] []
[2015-12-14 09:22:50] SGTSI HRIS.INFO: Api File:C:\xampp\htdocs\hris/modules/attendance/api/AttendanceActionManager.php [] []
[2015-12-14 09:22:52] SGTSI HRIS.INFO: Api File:C:\xampp\htdocs\hris/modules/attendance/api/AttendanceActionManager.php [] []
[2015-12-14 09:22:55] SGTSI HRIS.INFO: Api File:C:\xampp\htdocs\hris/modules/attendance/api/AttendanceActionManager.php [] []
[2015-12-14 09:22:56] SGTSI HRIS.INFO: Api File:C:\xampp\htdocs\hris/modules/attendance/api/AttendanceActionManager.php [] []
[2015-12-14 09:23:01] SGTSI HRIS.INFO: Api File:C:\xampp\htdocs\hris/modules/attendance/api/AttendanceActionManager.php [] []
[2015-12-14 09:23:03] SGTSI HRIS.INFO: Api File:C:\xampp\htdocs\hris/modules/attendance/api/AttendanceActionManager.php [] []
[2015-12-14 09:23:04] SGTSI HRIS.INFO: Api File:C:\xampp\htdocs\hris/modules/attendance/api/AttendanceActionManager.php [] []
[2015-12-14 09:24:05] SGTSI HRIS.INFO: Api File:C:\xampp\htdocs\hris/admin/dashboard/api/DashboardActionManager.php [] []
[2015-12-14 09:24:33] SGTSI HRIS.INFO: Api File:C:\xampp\htdocs\hris/admin/dashboard/api/DashboardActionManager.php [] []
[2015-12-14 09:31:59] SGTSI HRIS.INFO: Api File:C:\xampp\htdocs\hris/admin/dashboard/api/DashboardActionManager.php [] []
[2015-12-14 09:32:04] SGTSI HRIS.INFO: Api File:C:\xampp\htdocs\hris/admin/dashboard/api/DashboardActionManager.php [] []
[2015-12-14 09:35:13] SGTSI HRIS.INFO: Api File:C:\xampp\htdocs\hris/admin/dashboard/api/DashboardActionManager.php [] []
[2015-12-14 09:36:13] SGTSI HRIS.INFO: Api File:C:\xampp\htdocs\hris/admin/dashboard/api/DashboardActionManager.php [] []
[2015-12-14 09:38:36] SGTSI HRIS.INFO: Api File:C:\xampp\htdocs\hris/modules/attendance/api/AttendanceActionManager.php [] []
[2015-12-14 09:38:37] SGTSI HRIS.INFO: Api File:C:\xampp\htdocs\hris/modules/dashboard/api/DashboardActionManager.php [] []
[2015-12-14 09:38:37] SGTSI HRIS.INFO: Api File:C:\xampp\htdocs\hris/modules/dashboard/api/DashboardActionManager.php [] []
[2015-12-14 09:38:37] SGTSI HRIS.INFO: Api File:C:\xampp\htdocs\hris/modules/dashboard/api/DashboardActionManager.php [] []
[2015-12-14 09:39:05] SGTSI HRIS.INFO: Api File:C:\xampp\htdocs\hris/modules/attendance/api/AttendanceActionManager.php [] []
[2015-12-14 09:39:08] SGTSI HRIS.INFO: Api File:C:\xampp\htdocs\hris/modules/attendance/api/AttendanceActionManager.php [] []
[2015-12-14 09:39:10] SGTSI HRIS.INFO: Api File:C:\xampp\htdocs\hris/modules/attendance/api/AttendanceActionManager.php [] []
[2015-12-14 09:39:11] SGTSI HRIS.INFO: Api File:C:\xampp\htdocs\hris/modules/attendance/api/AttendanceActionManager.php [] []
[2015-12-14 09:39:13] SGTSI HRIS.INFO: Api File:C:\xampp\htdocs\hris/modules/attendance/api/AttendanceActionManager.php [] []
[2015-12-14 09:39:14] SGTSI HRIS.INFO: Api File:C:\xampp\htdocs\hris/modules/attendance/api/AttendanceActionManager.php [] []
[2015-12-14 09:39:15] SGTSI HRIS.INFO: Api File:C:\xampp\htdocs\hris/modules/attendance/api/AttendanceActionManager.php [] []
[2015-12-14 09:39:22] SGTSI HRIS.INFO: Api File:C:\xampp\htdocs\hris/modules/attendance/api/AttendanceActionManager.php [] []
[2015-12-14 09:44:16] SGTSI HRIS.INFO: Api File:C:\xampp\htdocs\hris/admin/dashboard/api/DashboardActionManager.php [] []
[2015-12-14 09:46:03] SGTSI HRIS.INFO: Api File:C:\xampp\htdocs\hris/admin/dashboard/api/DashboardActionManager.php [] []
[2015-12-14 09:46:23] SGTSI HRIS.INFO: Api File:C:\xampp\htdocs\hris/admin/dashboard/api/DashboardActionManager.php [] []
[2015-12-14 09:47:15] SGTSI HRIS.INFO: Api File:C:\xampp\htdocs\hris/admin/dashboard/api/DashboardActionManager.php [] []
[2015-12-14 09:48:36] SGTSI HRIS.INFO: Api File:C:\xampp\htdocs\hris/admin/dashboard/api/DashboardActionManager.php [] []
[2015-12-14 10:01:19] SGTSI HRIS.INFO: Api File:C:\xampp\htdocs\hris/modules/attendance/api/AttendanceActionManager.php [] []
[2015-12-14 10:01:19] SGTSI HRIS.INFO: Api File:C:\xampp\htdocs\hris/modules/dashboard/api/DashboardActionManager.php [] []
[2015-12-14 10:02:04] SGTSI HRIS.INFO: Api File:C:\xampp\htdocs\hris/modules/dashboard/api/DashboardActionManager.php [] []
[2015-12-14 10:02:04] SGTSI HRIS.INFO: Api File:C:\xampp\htdocs\hris/modules/attendance/api/AttendanceActionManager.php [] []
[2015-12-14 10:02:04] SGTSI HRIS.INFO: Api File:C:\xampp\htdocs\hris/modules/dashboard/api/DashboardActionManager.php [] []
[2015-12-14 10:02:04] SGTSI HRIS.INFO: Api File:C:\xampp\htdocs\hris/modules/dashboard/api/DashboardActionManager.php [] []
[2015-12-14 10:02:09] SGTSI HRIS.INFO: Api File:C:\xampp\htdocs\hris/modules/attendance/api/AttendanceActionManager.php [] []
[2015-12-14 10:06:38] SGTSI HRIS.INFO: Api File:C:\xampp\htdocs\hris/modules/attendance/api/AttendanceActionManager.php [] []
[2015-12-14 10:06:38] SGTSI HRIS.INFO: Api File:C:\xampp\htdocs\hris/modules/dashboard/api/DashboardActionManager.php [] []
[2015-12-14 10:06:38] SGTSI HRIS.INFO: Api File:C:\xampp\htdocs\hris/modules/dashboard/api/DashboardActionManager.php [] []
[2015-12-14 10:06:38] SGTSI HRIS.INFO: Api File:C:\xampp\htdocs\hris/modules/dashboard/api/DashboardActionManager.php [] []
[2015-12-14 10:08:04] SGTSI HRIS.INFO: Api File:C:\xampp\htdocs\hris/admin/dashboard/api/DashboardActionManager.php [] []
[2015-12-15 01:46:52] SGTSI HRIS.INFO: Api File:C:\xampp\htdocs\hris/admin/dashboard/api/DashboardActionManager.php [] []
[2015-12-15 01:47:22] SGTSI HRIS.INFO: Api File:C:\xampp\htdocs\hris/admin/dashboard/api/DashboardActionManager.php [] []
[2015-12-15 01:48:48] SGTSI HRIS.INFO: Cannot delete or update a parent row: a foreign key constraint fails (`hrisdb`.`companystructures`, CONSTRAINT `Fk_CompanyStructures_Own` FOREIGN KEY (`parent`) REFERENCES `companystructures` (`id`)) [] []
[2015-12-15 01:48:54] SGTSI HRIS.INFO: Cannot delete or update a parent row: a foreign key constraint fails (`hrisdb`.`companystructures`, CONSTRAINT `Fk_CompanyStructures_Own` FOREIGN KEY (`parent`) REFERENCES `companystructures` (`id`)) [] []
[2015-12-15 02:13:09] SGTSI HRIS.INFO: Api File:C:\xampp\htdocs\hris/admin/users/api/UsersActionManager.php [] []
[2015-12-15 02:13:10] SGTSI HRIS.INFO: [sendWelcomeUserEmail] sending email to abigail.luzon@sparkglobaltech.com : Dear #_name_#,<br/><br/> Your account in <b>SGTSI HRIS</b> has been created on <a href="#_url_#">#_url_#</a><br/><br/>   <b>Please find your account information below:</b><br/><br/> Username: <b>#_username_#</b><br/> Email:    <b>#_email_#</b> (You can use, username or email to login)<br/> Password: <b>#_password_#</b> (Strongly advised to change this password once logged in)<br/> <br/>   To get started, follow this link: <b><a href="#_url_#">#_url_#</a></b><br/><br/>  <font face="Arial, sans-serif" size="1" color="#4a4a4a"> THIS IS AN AUTOMATED EMAIL - REPLIES WILL BE SENT TO #_adminEmail_# </font> <br/> <br/> [] []
[2015-12-15 02:13:10] SGTSI HRIS.INFO: Sending email to: abigail.luzon@sparkglobaltech.com/ from: SGTSI HRIS <abigail.luzon@sparkglobaltech.com> [] []
[2015-12-15 02:41:14] SGTSI HRIS.INFO: Api File:C:\xampp\htdocs\hris/admin/users/api/UsersActionManager.php [] []
[2015-12-15 02:41:14] SGTSI HRIS.INFO: [sendWelcomeUserEmail] sending email to abigail.luzon@sparkglobaltech.com : Dear #_name_#,<br/><br/> Your account in <b>SGTSI HRIS</b> has been created on <a href="#_url_#">#_url_#</a><br/><br/>   <b>Please find your account information below:</b><br/><br/> Username: <b>#_username_#</b><br/> Email:    <b>#_email_#</b> (You can use, username or email to login)<br/> Password: <b>#_password_#</b> (Strongly advised to change this password once logged in)<br/> <br/>   To get started, follow this link: <b><a href="#_url_#">#_url_#</a></b><br/><br/>  <font face="Arial, sans-serif" size="1" color="#4a4a4a"> THIS IS AN AUTOMATED EMAIL - REPLIES WILL BE SENT TO #_adminEmail_# </font> <br/> <br/> [] []
[2015-12-15 02:41:14] SGTSI HRIS.INFO: Sending email to: abigail.luzon@sparkglobaltech.com/ from: SGTSI HRIS <abigail.luzon@sparkglobaltech.com> [] []
[2015-12-15 02:43:24] SGTSI HRIS.INFO: Api File:C:\xampp\htdocs\hris/modules/dashboard/api/DashboardActionManager.php [] []
[2015-12-15 02:43:24] SGTSI HRIS.INFO: Api File:C:\xampp\htdocs\hris/modules/attendance/api/AttendanceActionManager.php [] []
[2015-12-15 02:43:24] SGTSI HRIS.INFO: Api File:C:\xampp\htdocs\hris/modules/dashboard/api/DashboardActionManager.php [] []
[2015-12-15 02:43:24] SGTSI HRIS.INFO: Api File:C:\xampp\htdocs\hris/modules/dashboard/api/DashboardActionManager.php [] []
[2015-12-15 02:43:50] SGTSI HRIS.INFO: Api File:C:\xampp\htdocs\hris/modules/attendance/api/AttendanceActionManager.php [] []
[2015-12-15 02:43:51] SGTSI HRIS.INFO: Api File:C:\xampp\htdocs\hris/modules/attendance/api/AttendanceActionManager.php [] []
[2015-12-15 02:43:54] SGTSI HRIS.INFO: Api File:C:\xampp\htdocs\hris/modules/attendance/api/AttendanceActionManager.php [] []
[2015-12-15 02:43:55] SGTSI HRIS.INFO: Api File:C:\xampp\htdocs\hris/modules/attendance/api/AttendanceActionManager.php [] []
[2015-12-15 02:44:07] SGTSI HRIS.INFO: Api File:C:\xampp\htdocs\hris/modules/attendance/api/AttendanceActionManager.php [] []
[2015-12-15 02:44:07] SGTSI HRIS.INFO: Api File:C:\xampp\htdocs\hris/modules/dashboard/api/DashboardActionManager.php [] []
[2015-12-15 02:44:07] SGTSI HRIS.INFO: Api File:C:\xampp\htdocs\hris/modules/dashboard/api/DashboardActionManager.php [] []
[2015-12-15 02:44:07] SGTSI HRIS.INFO: Api File:C:\xampp\htdocs\hris/modules/dashboard/api/DashboardActionManager.php [] []
[2015-12-15 02:44:18] SGTSI HRIS.INFO: Api File:C:\xampp\htdocs\hris/modules/dashboard/api/DashboardActionManager.php [] []
[2015-12-15 02:44:18] SGTSI HRIS.INFO: Api File:C:\xampp\htdocs\hris/modules/attendance/api/AttendanceActionManager.php [] []
[2015-12-15 02:44:19] SGTSI HRIS.INFO: Api File:C:\xampp\htdocs\hris/modules/dashboard/api/DashboardActionManager.php [] []
[2015-12-15 02:44:19] SGTSI HRIS.INFO: Api File:C:\xampp\htdocs\hris/modules/dashboard/api/DashboardActionManager.php [] []
[2015-12-15 02:48:20] SGTSI HRIS.INFO: Api File:C:\xampp\htdocs\hris/admin/dashboard/api/DashboardActionManager.php [] []
[2015-12-15 02:48:54] SGTSI HRIS.INFO: Sending email to: abigail.luzon@sparkglobaltech.com/ from: SGTSI HRIS <abigail.luzon@sparkglobaltech.com> [] []
[2015-12-15 02:49:33] SGTSI HRIS.INFO: Key : Ef+U3IZxb1bm7jHTdi9xlM8SNkp56clBHzd7Z55vhXfFV9nd2AXQs7UaIAZHEswbM0LysMuFi8QbSTQn0KaS7KU4zNaVZOMLW6dngXYD3icM80oePrV+AnXQGORJGKU4lnU/j2MklXDKpTcdivAD/Hh7pTYxh6AkkBplqFMV6oj97Hmya8/1BQ== [] []
[2015-12-15 02:49:33] SGTSI HRIS.INFO: now not defined [] []
[2015-12-15 02:50:29] SGTSI HRIS.INFO: Key : Ef+U3IZxb1bm7jHTdi9xlM8SNkp56clBHzd7Z55vhXfFV9nd2AXQs7UaIAZHEswbM0LysMuFi8QbSTQn0KaS7KU4zNaVZOMLW6dngXYD3icM80oePrV+AnXQGORJGKU4lnU/j2MklXDKpTcdivAD/Hh7pTYxh6AkkBplqFMV6oj97Hmya8/1BQ== [] []
[2015-12-15 02:50:29] SGTSI HRIS.INFO: now not defined [] []
[2015-12-15 02:57:48] SGTSI HRIS.INFO: Key : Ef+U3IZxb1bm7jHTdi9xlM8SNkp56clBHzd7Z55vhXfFV9nd2AXQs7UaIAZHEswbM0LysMuFi8QbSTQn0KaS7KU4zNaVZOMLW6dngXYD3icM80oePrV+AnXQGORJGKU4lnU/j2MklXDKpTcdivAD/Hh7pTYxh6AkkBplqFMV6oj97Hmya8/1BQ== [] []
[2015-12-15 02:57:48] SGTSI HRIS.INFO: user password changed [] []
[2015-12-15 02:58:33] SGTSI HRIS.INFO: Api File:C:\xampp\htdocs\hris/modules/attendance/api/AttendanceActionManager.php [] []
[2015-12-15 02:58:33] SGTSI HRIS.INFO: Api File:C:\xampp\htdocs\hris/modules/dashboard/api/DashboardActionManager.php [] []
[2015-12-15 02:58:33] SGTSI HRIS.INFO: Api File:C:\xampp\htdocs\hris/modules/dashboard/api/DashboardActionManager.php [] []
[2015-12-15 02:58:33] SGTSI HRIS.INFO: Api File:C:\xampp\htdocs\hris/modules/dashboard/api/DashboardActionManager.php [] []
[2015-12-15 02:58:49] SGTSI HRIS.INFO: {"supervisor":"__myid__"} [] []
[2015-12-15 02:59:17] SGTSI HRIS.INFO: Api File:C:\xampp\htdocs\hris/modules/dashboard/api/DashboardActionManager.php [] []
[2015-12-15 02:59:17] SGTSI HRIS.INFO: Api File:C:\xampp\htdocs\hris/modules/attendance/api/AttendanceActionManager.php [] []
[2015-12-15 02:59:17] SGTSI HRIS.INFO: Api File:C:\xampp\htdocs\hris/modules/dashboard/api/DashboardActionManager.php [] []
[2015-12-15 02:59:17] SGTSI HRIS.INFO: Api File:C:\xampp\htdocs\hris/modules/dashboard/api/DashboardActionManager.php [] []
[2015-12-15 02:59:26] SGTSI HRIS.INFO: Api File:C:\xampp\htdocs\hris/modules/attendance/api/AttendanceActionManager.php [] []
[2015-12-15 02:59:26] SGTSI HRIS.INFO: Api File:C:\xampp\htdocs\hris/modules/dashboard/api/DashboardActionManager.php [] []
[2015-12-15 02:59:27] SGTSI HRIS.INFO: Api File:C:\xampp\htdocs\hris/modules/dashboard/api/DashboardActionManager.php [] []
[2015-12-15 02:59:27] SGTSI HRIS.INFO: Api File:C:\xampp\htdocs\hris/modules/dashboard/api/DashboardActionManager.php [] []
[2015-12-15 02:59:29] SGTSI HRIS.INFO: Api File:C:\xampp\htdocs\hris/modules/attendance/api/AttendanceActionManager.php [] []
[2015-12-15 02:59:31] SGTSI HRIS.INFO: Api File:C:\xampp\htdocs\hris/modules/attendance/api/AttendanceActionManager.php [] []
[2015-12-15 02:59:33] SGTSI HRIS.INFO: Api File:C:\xampp\htdocs\hris/modules/attendance/api/AttendanceActionManager.php [] []
[2015-12-15 02:59:35] SGTSI HRIS.INFO: Api File:C:\xampp\htdocs\hris/modules/attendance/api/AttendanceActionManager.php [] []
[2015-12-15 02:59:45] SGTSI HRIS.INFO: Api File:C:\xampp\htdocs\hris/modules/dashboard/api/DashboardActionManager.php [] []
[2015-12-15 02:59:45] SGTSI HRIS.INFO: Api File:C:\xampp\htdocs\hris/modules/attendance/api/AttendanceActionManager.php [] []
[2015-12-15 02:59:45] SGTSI HRIS.INFO: Api File:C:\xampp\htdocs\hris/modules/dashboard/api/DashboardActionManager.php [] []
[2015-12-15 02:59:45] SGTSI HRIS.INFO: Api File:C:\xampp\htdocs\hris/modules/dashboard/api/DashboardActionManager.php [] []
[2015-12-15 03:00:51] SGTSI HRIS.INFO: Api File:C:\xampp\htdocs\hris/admin/dashboard/api/DashboardActionManager.php [] []
[2015-12-15 03:04:52] SGTSI HRIS.INFO: Api File:C:\xampp\htdocs\hris/admin/dashboard/api/DashboardActionManager.php [] []
[2015-12-15 03:07:29] SGTSI HRIS.INFO: Api File:C:\xampp\htdocs\hris/admin/dashboard/api/DashboardActionManager.php [] []
[2015-12-15 03:08:07] SGTSI HRIS.INFO: Api File:C:\xampp\htdocs\hris/modules/attendance/api/AttendanceActionManager.php [] []
[2015-12-15 03:08:07] SGTSI HRIS.INFO: Api File:C:\xampp\htdocs\hris/modules/dashboard/api/DashboardActionManager.php [] []
[2015-12-15 03:08:07] SGTSI HRIS.INFO: Api File:C:\xampp\htdocs\hris/modules/dashboard/api/DashboardActionManager.php [] []
[2015-12-15 03:08:07] SGTSI HRIS.INFO: Api File:C:\xampp\htdocs\hris/modules/dashboard/api/DashboardActionManager.php [] []
[2015-12-15 03:08:17] SGTSI HRIS.INFO: {"supervisor":"__myid__"} [] []
[2015-12-15 03:09:31] SGTSI HRIS.INFO: Api File:C:\xampp\htdocs\hris/admin/dashboard/api/DashboardActionManager.php [] []
[2015-12-15 03:10:45] SGTSI HRIS.INFO: Api File:C:\xampp\htdocs\hris/modules/time_sheets/api/Time_sheetsActionManager.php [] []
[2015-12-15 03:10:46] SGTSI HRIS.INFO:  [] []
[2015-12-15 03:26:03] SGTSI HRIS.INFO: Api File:C:\xampp\htdocs\hris/modules/dashboard/api/DashboardActionManager.php [] []
[2015-12-15 03:26:03] SGTSI HRIS.INFO: Api File:C:\xampp\htdocs\hris/modules/attendance/api/AttendanceActionManager.php [] []
[2015-12-15 03:26:03] SGTSI HRIS.INFO: Api File:C:\xampp\htdocs\hris/modules/dashboard/api/DashboardActionManager.php [] []
[2015-12-15 03:33:28] SGTSI HRIS.INFO: Api File:C:\xampp\htdocs\hris/admin/dashboard/api/DashboardActionManager.php [] []
[2015-12-15 03:50:41] SGTSI HRIS.INFO: Api File:C:\xampp\htdocs\hris/admin/dashboard/api/DashboardActionManager.php [] []
[15-Dec-2015 03:52:00 Europe/Berlin] PHP Fatal error:  Class 'SalaryComponent' not found in C:\xampp\htdocs\hris\classes\BaseService.php on line 645
[15-Dec-2015 03:52:00 Europe/Berlin] PHP Fatal error:  Class 'SalaryComponent' not found in C:\xampp\htdocs\hris\classes\BaseService.php on line 645
[2015-12-15 03:57:59] SGTSI HRIS.INFO: Api File:C:\xampp\htdocs\hris/admin/dashboard/api/DashboardActionManager.php [] []
[2015-12-15 04:00:49] SGTSI HRIS.INFO: Api File:C:\xampp\htdocs\hris/modules/attendance/api/AttendanceActionManager.php [] []
[2015-12-15 04:05:07] SGTSI HRIS.INFO: Api File:C:\xampp\htdocs\hris/modules/dashboard/api/DashboardActionManager.php [] []
[2015-12-15 04:05:07] SGTSI HRIS.INFO: Api File:C:\xampp\htdocs\hris/modules/dashboard/api/DashboardActionManager.php [] []
]
[2015-12-15 04:05:07] SGTSI HRIS.INFO: Api File:C:\xampp\htdocs\hris/modules/dashboard/api/DashboardActionManager.php [] []
[2015-12-15 04:05:20] SGTSI HRIS.INFO: Api File:C:\xampp\htdocs\hris/modules/dashboard/api/DashboardActionManager.php [] []
[2015-12-15 04:05:20] SGTSI HRIS.INFO: Api File:C:\xampp\htdocs\hris/modules/dashboard/api/DashboardActionManager.php [] []
[2015-12-15 04:05:20] SGTSI HRIS.INFO: Api File:C:\xampp\htdocs\hris/modules/dashboard/api/DashboardActionManager.php [] []
[2015-12-15 04:05:21] SGTSI HRIS.INFO: Api File:C:\xampp\htdocs\hris/modules/attendance/api/AttendanceActionManager.php [] []
[2015-12-15 04:05:28] SGTSI HRIS.INFO: Api File:C:\xampp\htdocs\hris/modules/employees/api/EmployeesActionManager.php [] []
[2015-12-15 04:05:55] SGTSI HRIS.INFO: Api File:C:\xampp\htdocs\hris/modules/employees/api/EmployeesActionManager.php [] []
[2015-12-15 04:06:23] SGTSI HRIS.INFO: Api File:C:\xampp\htdocs\hris/modules/attendance/api/AttendanceActionManager.php [] []
[2015-12-15 04:06:23] SGTSI HRIS.INFO: Api File:C:\xampp\htdocs\hris/modules/dashboard/api/DashboardActionManager.php [] []
[2015-12-15 04:06:23] SGTSI HRIS.INFO: Api File:C:\xampp\htdocs\hris/modules/dashboard/api/DashboardActionManager.php [] []
[2015-12-15 04:06:24] SGTSI HRIS.INFO: Api File:C:\xampp\htdocs\hris/modules/dashboard/api/DashboardActionManager.php [] []
[2015-12-15 04:07:14] SGTSI HRIS.INFO: Api File:C:\xampp\htdocs\hris/admin/dashboard/api/DashboardActionManager.php [] []
[2015-12-15 04:11:28] SGTSI HRIS.INFO: Api File:C:\xampp\htdocs\hris/admin/users/api/UsersActionManager.php [] []
[2015-12-15 04:11:28] SGTSI HRIS.INFO: [sendWelcomeUserEmail] sending email to abigail.luzon@sparkglobaltech.com : Dear #_name_#,<br/><br/> Your account in <b>SGTSI HRIS</b> has been created on <a href="#_url_#">#_url_#</a><br/><br/>   <b>Please find your account information below:</b><br/><br/> Username: <b>#_username_#</b><br/> Email:    <b>#_email_#</b> (You can use, username or email to login)<br/> Password: <b>#_password_#</b> (Strongly advised to change this password once logged in)<br/> <br/>   To get started, follow this link: <b><a href="#_url_#">#_url_#</a></b><br/><br/>  <font face="Arial, sans-serif" size="1" color="#4a4a4a"> THIS IS AN AUTOMATED EMAIL - REPLIES WILL BE SENT TO #_adminEmail_# </font> <br/> <br/> [] []
[2015-12-15 04:11:28] SGTSI HRIS.INFO: Sending email to: abigail.luzon@sparkglobaltech.com/ from: SGTSI HRIS <evanjoe.lachica@sparkglobaltech.com> [] []
[2015-12-15 04:13:55] SGTSI HRIS.INFO: Api File:C:\xampp\htdocs\hris/modules/dashboard/api/DashboardActionManager.php [] []
[2015-12-15 04:13:55] SGTSI HRIS.INFO: Api File:C:\xampp\htdocs\hris/modules/dashboard/api/DashboardActionManager.php [] []
]
[2015-12-15 04:14:06] SGTSI HRIS.INFO: Api File:C:\xampp\htdocs\hris/modules/attendance/api/AttendanceActionManager.php [] []
[2015-12-15 04:14:07] SGTSI HRIS.INFO: Api File:C:\xampp\htdocs\hris/modules/dashboard/api/DashboardActionManager.php [] []
[2015-12-15 04:14:07] SGTSI HRIS.INFO: Api File:C:\xampp\htdocs\hris/modules/dashboard/api/DashboardActionManager.php [] []
[2015-12-15 04:14:07] SGTSI HRIS.INFO: Api File:C:\xampp\htdocs\hris/modules/dashboard/api/DashboardActionManager.php [] []
[2015-12-15 04:14:18] SGTSI HRIS.INFO: Api File:C:\xampp\htdocs\hris/modules/attendance/api/AttendanceActionManager.php [] []
[2015-12-15 04:14:18] SGTSI HRIS.INFO: Api File:C:\xampp\htdocs\hris/modules/dashboard/api/DashboardActionManager.php [] []
[2015-12-15 04:14:19] SGTSI HRIS.INFO: Api File:C:\xampp\htdocs\hris/modules/dashboard/api/DashboardActionManager.php [] []
[2015-12-15 04:14:19] SGTSI HRIS.INFO: Api File:C:\xampp\htdocs\hris/modules/dashboard/api/DashboardActionManager.php [] []
[2015-12-15 04:14:33] SGTSI HRIS.INFO: Api File:C:\xampp\htdocs\hris/modules/employees/api/EmployeesActionManager.php [] []
[2015-12-15 04:14:45] SGTSI HRIS.INFO: Api File:C:\xampp\htdocs\hris/modules/employees/api/EmployeesActionManager.php [] []
[2015-12-15 04:20:59] SGTSI HRIS.INFO: Api File:C:\xampp\htdocs\hris/admin/dashboard/api/DashboardActionManager.php [] []
[2015-12-15 04:27:14] SGTSI HRIS.INFO: Api File:C:\xampp\htdocs\hris/admin/dashboard/api/DashboardActionManager.php [] []
[2015-12-15 05:59:22] SGTSI HRIS.INFO: Api File:C:\xampp\htdocs\hris/modules/attendance/api/AttendanceActionManager.php [] []
[2015-12-15 05:59:22] SGTSI HRIS.INFO: Api File:C:\xampp\htdocs\hris/modules/dashboard/api/DashboardActionManager.php [] []
[2015-12-15 05:59:22] SGTSI HRIS.INFO: Api File:C:\xampp\htdocs\hris/modules/dashboard/api/DashboardActionManager.php [] []
[2015-12-15 05:59:22] SGTSI HRIS.INFO: Api File:C:\xampp\htdocs\hris/modules/dashboard/api/DashboardActionManager.php [] []
[2015-12-15 06:01:50] SGTSI HRIS.INFO: Api File:C:\xampp\htdocs\hris/modules/attendance/api/AttendanceActionManager.php [] []
[2015-12-15 06:01:51] SGTSI HRIS.INFO: Api File:C:\xampp\htdocs\hris/modules/dashboard/api/DashboardActionManager.php [] []
[2015-12-15 06:01:51] SGTSI HRIS.INFO: Api File:C:\xampp\htdocs\hris/modules/dashboard/api/DashboardActionManager.php [] []
[2015-12-15 06:01:51] SGTSI HRIS.INFO: Api File:C:\xampp\htdocs\hris/modules/dashboard/api/DashboardActionManager.php [] []
[2015-12-15 06:03:03] SGTSI HRIS.INFO: Api File:C:\xampp\htdocs\hris/modules/attendance/api/AttendanceActionManager.php [] []
[2015-12-15 06:03:03] SGTSI HRIS.INFO: Api File:C:\xampp\htdocs\hris/modules/dashboard/api/DashboardActionManager.php [] []
[2015-12-15 06:03:03] SGTSI HRIS.INFO: Api File:C:\xampp\htdocs\hris/modules/dashboard/api/DashboardActionManager.php [] []
[2015-12-15 06:03:10] SGTSI HRIS.INFO: Api File:C:\xampp\htdocs\hris/modules/dashboard/api/DashboardActionManager.php [] []
[2015-12-15 06:03:10] SGTSI HRIS.INFO: Api File:C:\xampp\htdocs\hris/modules/dashboard/api/DashboardActionManager.php [] []
[2015-12-15 06:03:10] SGTSI HRIS.INFO: Api File:C:\xampp\htdocs\hris/modules/dashboard/api/DashboardActionManager.php [] []
[2015-12-15 06:03:10] SGTSI HRIS.INFO: Api File:C:\xampp\htdocs\hris/modules/attendance/api/AttendanceActionManager.php [] []
[2015-12-15 06:03:17] SGTSI HRIS.INFO: Api File:C:\xampp\htdocs\hris/modules/dashboard/api/DashboardActionManager.php [] []
[2015-12-15 06:03:17] SGTSI HRIS.INFO: Api File:C:\xampp\htdocs\hris/modules/attendance/api/AttendanceActionManager.php [] []
[2015-12-15 06:03:18] SGTSI HRIS.INFO: Api File:C:\xampp\htdocs\hris/modules/dashboard/api/DashboardActionManager.php [] []
[2015-12-15 06:03:18] SGTSI HRIS.INFO: Api File:C:\xampp\htdocs\hris/modules/dashboard/api/DashboardActionManager.php [] []
[2015-12-15 06:03:34] SGTSI HRIS.INFO: Api File:C:\xampp\htdocs\hris/modules/employees/api/EmployeesActionManager.php [] []
[2015-12-15 06:04:20] SGTSI HRIS.INFO: Api File:C:\xampp\htdocs\hris/modules/employees/api/EmployeesActionManager.php [] []
[2015-12-15 06:05:07] SGTSI HRIS.INFO: file size =879394 [] []
[2015-12-15 06:05:07] SGTSI HRIS.INFO: file size limit =10485760 [] []
[2015-12-15 06:05:07] SGTSI HRIS.INFO: |||||app [] []
[2015-12-15 06:05:11] SGTSI HRIS.INFO: Api File:C:\xampp\htdocs\hris/modules/employees/api/EmployeesActionManager.php [] []
[2015-12-15 06:05:12] SGTSI HRIS.INFO: Delete File:C:\xampp\htdocs\hris\app/profile_image_3.jpg [] []
[2015-12-15 06:05:17] SGTSI HRIS.INFO: Api File:C:\xampp\htdocs\hris/modules/employees/api/EmployeesActionManager.php [] []
[2015-12-15 06:05:56] SGTSI HRIS.INFO: Api File:C:\xampp\htdocs\hris/modules/dashboard/api/DashboardActionManager.php [] []
[2015-12-15 06:05:57] SGTSI HRIS.INFO: Api File:C:\xampp\htdocs\hris/modules/dashboard/api/DashboardActionManager.php [] []
[2015-12-15 06:05:57] SGTSI HRIS.INFO: Api File:C:\xampp\htdocs\hris/modules/dashboard/api/DashboardActionManager.php [] []
[2015-12-15 06:05:57] SGTSI HRIS.INFO: Api File:C:\xampp\htdocs\hris/modules/attendance/api/AttendanceActionManager.php [] []
[2015-12-15 06:06:03] SGTSI HRIS.INFO: Api File:C:\xampp\htdocs\hris/modules/employees/api/EmployeesActionManager.php [] []
[2015-12-15 06:08:15] SGTSI HRIS.INFO: Api File:C:\xampp\htdocs\hris/admin/dashboard/api/DashboardActionManager.php [] []
[2015-12-15 06:16:49] Spark HRIS.INFO: Api File:C:\xampp\htdocs\hris/admin/dashboard/api/DashboardActionManager.php [] []
[2015-12-15 06:42:40] Spark HRIS.INFO: Api File:C:\xampp\htdocs\hris/admin/users/api/UsersActionManager.php [] []
[2015-12-15 06:42:41] Spark HRIS.INFO: [sendWelcomeUserEmail] sending email to abigail.luzon@sparkglobaltech.com : Dear #_name_#,<br/><br/> Your account in <b>SGTSI HRIS</b> has been created on <a href="#_url_#">#_url_#</a><br/><br/>   <b>Please find your account information below:</b><br/><br/> Username: <b>#_username_#</b><br/> Email:    <b>#_email_#</b> (You can use, username or email to login)<br/> Password: <b>#_password_#</b> (Strongly advised to change this password once logged in)<br/> <br/>   To get started, follow this link: <b><a href="#_url_#">#_url_#</a></b><br/><br/>  <font face="Arial, sans-serif" size="1" color="#4a4a4a"> THIS IS AN AUTOMATED EMAIL - REPLIES WILL BE SENT TO #_adminEmail_# </font> <br/> <br/> [] []
[2015-12-15 06:42:41] Spark HRIS.INFO: Sending email to: abigail.luzon@sparkglobaltech.com/ from: Spark HRIS <evanjoe.lachica@sparkglobaltech.com> [] []
[2015-12-15 06:44:01] Spark HRIS.INFO: Api File:C:\xampp\htdocs\hris/admin/users/api/UsersActionManager.php [] []
[2015-12-15 06:44:01] Spark HRIS.INFO: [sendWelcomeUserEmail] sending email to abigail.luzon@sparkglobaltech.com : Dear #_name_#,<br/><br/> Your account in <b>SGTSI HRIS</b> has been created on <a href="#_url_#">#_url_#</a><br/><br/>   <b>Please find your account information below:</b><br/><br/> Username: <b>#_username_#</b><br/> Email:    <b>#_email_#</b> (You can use, username or email to login)<br/> Password: <b>#_password_#</b> (Strongly advised to change this password once logged in)<br/> <br/>   To get started, follow this link: <b><a href="#_url_#">#_url_#</a></b><br/><br/>  <font face="Arial, sans-serif" size="1" color="#4a4a4a"> THIS IS AN AUTOMATED EMAIL - REPLIES WILL BE SENT TO #_adminEmail_# </font> <br/> <br/> [] []
[2015-12-15 06:44:01] Spark HRIS.INFO: Sending email to: abigail.luzon@sparkglobaltech.com/ from: Spark HRIS <evanjoe.lachica@sparkglobaltech.com> [] []
[2015-12-15 06:53:40] Spark HRIS.INFO: Api File:C:\xampp\htdocs\hris/admin/users/api/UsersActionManager.php [] []
[2015-12-15 06:53:40] Spark HRIS.INFO: [sendWelcomeUserEmail] sending email to abigail.luzon@sparkglobaltech.com : Dear #_name_#,<br/><br/> Your account in <b>Spark HRIS</b> has been created on <a href="#_url_#">#_url_#</a><br/><br/>   <b>Please find your account information below:</b><br/><br/> Username: <b>#_username_#</b><br/> Email:    <b>#_email_#</b> (You can use, username or email to login)<br/> Password: <b>#_password_#</b> (Strongly advised to change this password once logged in)<br/> <br/>   To get started, follow this link: <b><a href="#_url_#">#_url_#</a></b><br/><br/>  <font face="Arial, sans-serif" size="1" color="#4a4a4a"> THIS IS AN AUTOMATED EMAIL - REPLIES WILL BE SENT TO #_adminEmail_# </font> <br/> <br/> [] []
[2015-12-15 06:53:40] Spark HRIS.INFO: Sending email to: abigail.luzon@sparkglobaltech.com/ from: Spark HRIS <evanjoe.lachica@sparkglobaltech.com> [] []
[2015-12-15 06:59:17] Spark HRIS.INFO: Api File:C:\xampp\htdocs\hris/admin/users/api/UsersActionManager.php [] []
[2015-12-15 06:59:17] Spark HRIS.INFO: [sendWelcomeUserEmail] sending email to abigail.luzon@sparkglobaltech.com : Dear #_name_#,<br/><br/> Your account in <b>Spark HRIS</b> has been created on <a href="#_url_#">#_url_#</a><br/><br/>   <b>Please find your account information below:</b><br/><br/> Username: <b>#_username_#</b><br/> Email:    <b>#_email_#</b> (You can use, username or email to login)<br/> Password: <b>#_password_#</b> (Strongly advised to change this password once logged in)<br/> <br/>   To get started, follow this link: <b><a href="#_url_#">#_url_#</a></b><br/><br/>  <font face="Arial, sans-serif" size="1" color="#4a4a4a"> THIS IS AN AUTOMATED EMAIL - REPLIES WILL BE SENT TO #_adminEmail_# </font> <br/> <br/> [] []
[2015-12-15 06:59:17] Spark HRIS.INFO: Sending email to: abigail.luzon@sparkglobaltech.com/ from: Spark HRIS <evanjoe.lachica@sparkglobaltech.com> [] []
[2015-12-15 07:12:58] Spark HRIS.INFO: Api File:C:\xampp\htdocs\hris/admin/dashboard/api/DashboardActionManager.php [] []
[2015-12-15 07:44:43] Spark HRIS.INFO: Api File:C:\xampp\htdocs\hris/admin/users/api/UsersActionManager.php [] []
[2015-12-15 08:15:10] Spark HRIS.INFO: Api File:C:\xampp\htdocs\hris/admin/dashboard/api/DashboardActionManager.php [] []
[15-Dec-2015 08:20:25 Europe/Berlin] PHP Fatal error:  Class 'LeaveAdminManager' not found in C:\xampp\htdocs\hris\modules.php on line 33
[15-Dec-2015 08:22:30 Europe/Berlin] PHP Warning:  include(C:\xampp\htdocs\hris//admin/leave/index.php): failed to open stream: No such file or directory in C:\xampp\htdocs\hris\app\index.php on line 19
[15-Dec-2015 08:22:30 Europe/Berlin] PHP Warning:  include(): Failed opening 'C:\xampp\htdocs\hris//admin/leave/index.php' for inclusion (include_path='.;C:\xampp\php\PEAR') in C:\xampp\htdocs\hris\app\index.php on line 19
[15-Dec-2015 09:59:51 Europe/Berlin] PHP Fatal error:  Class 'EmployeeLeave' not found in C:\xampp\htdocs\hris\classes\BaseService.php on line 84
[15-Dec-2015 10:05:20 Europe/Berlin] PHP Fatal error:  Class 'EmployeeLeave' not found in C:\xampp\htdocs\hris\classes\BaseService.php on line 84
[15-Dec-2015 10:06:42 Europe/Berlin] PHP Fatal error:  Class 'EmployeeLeave' not found in C:\xampp\htdocs\hris\classes\BaseService.php on line 84
[15-Dec-2015 10:18:36 Europe/Berlin] PHP Fatal error:  Class 'EmployeeLeave' not found in C:\xampp\htdocs\hris\classes\BaseService.php on line 84
[2015-12-16 01:54:34] Spark HRIS.INFO: Api File:C:\xampp\htdocs\hris/admin/dashboard/api/DashboardActionManager.php [] []
[2015-12-16 03:15:43] Spark HRIS.INFO: Api File:C:\xampp\htdocs\hris/admin/dashboard/api/DashboardActionManager.php [] []
[2015-12-16 03:16:02] Spark HRIS.INFO: Api File:C:\xampp\htdocs\hris/admin/users/api/UsersActionManager.php [] []
[2015-12-16 03:16:47] Spark HRIS.INFO: Api File:C:\xampp\htdocs\hris/modules/dashboard/api/DashboardActionManager.php [] []
[2015-12-16 03:16:48] Spark HRIS.INFO: Api File:C:\xampp\htdocs\hris/modules/attendance/api/AttendanceActionManager.php [] []
[2015-12-16 03:16:48] Spark HRIS.INFO: Api File:C:\xampp\htdocs\hris/modules/dashboard/api/DashboardActionManager.php [] []
[2015-12-16 03:16:48] Spark HRIS.INFO: Api File:C:\xampp\htdocs\hris/modules/dashboard/api/DashboardActionManager.php [] []
[2015-12-16 03:17:57] Spark HRIS.INFO: Api File:C:\xampp\htdocs\hris/modules/attendance/api/AttendanceActionManager.php [] []
[2015-12-16 03:17:57] Spark HRIS.INFO: Api File:C:\xampp\htdocs\hris/modules/dashboard/api/DashboardActionManager.php [] []
[2015-12-16 03:17:57] Spark HRIS.INFO: Api File:C:\xampp\htdocs\hris/modules/dashboard/api/DashboardActionManager.php [] []
[2015-12-16 03:17:58] Spark HRIS.INFO: Api File:C:\xampp\htdocs\hris/modules/dashboard/api/DashboardActionManager.php [] []
[2015-12-16 03:18:25] Spark HRIS.INFO: Api File:C:\xampp\htdocs\hris/modules/attendance/api/AttendanceActionManager.php [] []
[2015-12-16 03:18:32] Spark HRIS.INFO: Api File:C:\xampp\htdocs\hris/modules/attendance/api/AttendanceActionManager.php [] []
[2015-12-16 03:18:34] Spark HRIS.INFO: Api File:C:\xampp\htdocs\hris/modules/attendance/api/AttendanceActionManager.php [] []
[2015-12-16 03:18:35] Spark HRIS.INFO: Api File:C:\xampp\htdocs\hris/modules/attendance/api/AttendanceActionManager.php [] []
[2015-12-16 03:26:22] Spark HRIS.INFO: Api File:C:\xampp\htdocs\hris/admin/dashboard/api/DashboardActionManager.php [] []
[16-Dec-2015 03:34:46 Europe/Berlin] PHP Fatal error:  Class 'employees' not found in C:\xampp\htdocs\hris\classes\BaseService.php on line 645
[16-Dec-2015 03:34:47 Europe/Berlin] PHP Fatal error:  Class 'leavetypes' not found in C:\xampp\htdocs\hris\classes\BaseService.php on line 645
[16-Dec-2015 03:34:47 Europe/Berlin] PHP Fatal error:  Class 'employees' not found in C:\xampp\htdocs\hris\classes\BaseService.php on line 645
[16-Dec-2015 03:34:48 Europe/Berlin] PHP Fatal error:  Class 'leavetypes' not found in C:\xampp\htdocs\hris\classes\BaseService.php on line 645
[2015-12-16 03:40:03] Spark HRIS.INFO: Api File:C:\xampp\htdocs\hris/admin/dashboard/api/DashboardActionManager.php [] []
[2015-12-16 03:40:23] Spark HRIS.INFO: Api File:C:\xampp\htdocs\hris/admin/dashboard/api/DashboardActionManager.php [] []
[2015-12-16 03:40:30] Spark HRIS.INFO: Api File:C:\xampp\htdocs\hris/admin/dashboard/api/DashboardActionManager.php [] []
[16-Dec-2015 03:40:37 Europe/Berlin] PHP Fatal error:  Class 'leavetypes' not found in C:\xampp\htdocs\hris\classes\BaseService.php on line 645
[16-Dec-2015 03:40:38 Europe/Berlin] PHP Fatal error:  Class 'employees' not found in C:\xampp\htdocs\hris\classes\BaseService.php on line 645
[16-Dec-2015 03:40:38 Europe/Berlin] PHP Fatal error:  Class 'employees' not found in C:\xampp\htdocs\hris\classes\BaseService.php on line 645
[16-Dec-2015 03:40:38 Europe/Berlin] PHP Fatal error:  Class 'leavetypes' not found in C:\xampp\htdocs\hris\classes\BaseService.php on line 645
[2015-12-16 03:41:16] Spark HRIS.INFO: Column 'leave_type_id' cannot be null [] []
[16-Dec-2015 03:42:55 Europe/Berlin] PHP Fatal error:  Class 'leavetypes' not found in C:\xampp\htdocs\hris\classes\BaseService.php on line 645
[16-Dec-2015 03:42:56 Europe/Berlin] PHP Fatal error:  Class 'leavetypes' not found in C:\xampp\htdocs\hris\classes\BaseService.php on line 645
[16-Dec-2015 03:44:01 Europe/Berlin] PHP Fatal error:  Class 'leavetypes' not found in C:\xampp\htdocs\hris\classes\BaseService.php on line 645
[16-Dec-2015 03:44:02 Europe/Berlin] PHP Fatal error:  Class 'leavetypes' not found in C:\xampp\htdocs\hris\classes\BaseService.php on line 645
[16-Dec-2015 03:44:27 Europe/Berlin] PHP Fatal error:  Class 'leavetypes' not found in C:\xampp\htdocs\hris\classes\BaseService.php on line 645
[16-Dec-2015 03:44:28 Europe/Berlin] PHP Fatal error:  Class 'leavetypes' not found in C:\xampp\htdocs\hris\classes\BaseService.php on line 645
[16-Dec-2015 03:46:30 Europe/Berlin] PHP Fatal error:  Class 'leavetypes' not found in C:\xampp\htdocs\hris\classes\BaseService.php on line 645
[16-Dec-2015 03:46:31 Europe/Berlin] PHP Fatal error:  Class 'leavetypes' not found in C:\xampp\htdocs\hris\classes\BaseService.php on line 645
[2015-12-16 03:52:05] Spark HRIS.INFO: Column 'leave_status_id' cannot be null [] []
[2015-12-16 03:52:52] Spark HRIS.INFO: Column 'leave_status_id' cannot be null [] []
[16-Dec-2015 04:11:18 Europe/Berlin] PHP Fatal error:  Class 'leavestatus' not found in C:\xampp\htdocs\hris\classes\BaseService.php on line 645
[16-Dec-2015 04:11:20 Europe/Berlin] PHP Fatal error:  Class 'leavestatus' not found in C:\xampp\htdocs\hris\classes\BaseService.php on line 645
[16-Dec-2015 04:11:21 Europe/Berlin] PHP Fatal error:  Class 'leavestatus' not found in C:\xampp\htdocs\hris\classes\BaseService.php on line 645
[16-Dec-2015 04:11:34 Europe/Berlin] PHP Fatal error:  Class 'leavestatus' not found in C:\xampp\htdocs\hris\classes\BaseService.php on line 645
[16-Dec-2015 04:11:35 Europe/Berlin] PHP Fatal error:  Class 'leavestatus' not found in C:\xampp\htdocs\hris\classes\BaseService.php on line 645
[16-Dec-2015 04:12:15 Europe/Berlin] PHP Fatal error:  Class 'leavestatus' not found in C:\xampp\htdocs\hris\classes\BaseService.php on line 645
[16-Dec-2015 04:14:13 Europe/Berlin] PHP Fatal error:  Class 'LeaveStatus' not found in C:\xampp\htdocs\hris\classes\BaseService.php on line 645
[16-Dec-2015 04:14:17 Europe/Berlin] PHP Fatal error:  Class 'LeaveStatus' not found in C:\xampp\htdocs\hris\classes\BaseService.php on line 645
[16-Dec-2015 04:14:18 Europe/Berlin] PHP Fatal error:  Class 'LeaveStatus' not found in C:\xampp\htdocs\hris\classes\BaseService.php on line 645
[16-Dec-2015 04:17:37 Europe/Berlin] PHP Fatal error:  Class 'LeaveStatus' not found in C:\xampp\htdocs\hris\classes\BaseService.php on line 645
[16-Dec-2015 04:17:42 Europe/Berlin] PHP Fatal error:  Class 'LeaveStatus' not found in C:\xampp\htdocs\hris\classes\BaseService.php on line 645
[16-Dec-2015 04:17:43 Europe/Berlin] PHP Fatal error:  Class 'LeaveStatus' not found in C:\xampp\htdocs\hris\classes\BaseService.php on line 645
[16-Dec-2015 04:17:46 Europe/Berlin] PHP Fatal error:  Class 'LeaveStatus' not found in C:\xampp\htdocs\hris\classes\BaseService.php on line 645
[16-Dec-2015 04:17:51 Europe/Berlin] PHP Fatal error:  Class 'LeaveStatus' not found in C:\xampp\htdocs\hris\classes\BaseService.php on line 645
[2015-12-16 04:17:52] Spark HRIS.INFO: {"leave_type_id":"1"} [] []
[16-Dec-2015 04:17:54 Europe/Berlin] PHP Fatal error:  Class 'LeaveStatus' not found in C:\xampp\htdocs\hris\classes\BaseService.php on line 645
[16-Dec-2015 04:23:19 Europe/Berlin] PHP Fatal error:  Class 'LeaveStatus' not found in C:\xampp\htdocs\hris\classes\BaseService.php on line 645
[16-Dec-2015 04:23:20 Europe/Berlin] PHP Fatal error:  Class 'LeaveStatus' not found in C:\xampp\htdocs\hris\classes\BaseService.php on line 645
[16-Dec-2015 04:23:21 Europe/Berlin] PHP Fatal error:  Class 'LeaveStatus' not found in C:\xampp\htdocs\hris\classes\BaseService.php on line 645
[16-Dec-2015 04:24:51 Europe/Berlin] PHP Fatal error:  Class 'LeaveType' not found in C:\xampp\htdocs\hris\classes\BaseService.php on line 645
[16-Dec-2015 04:24:54 Europe/Berlin] PHP Fatal error:  Class 'LeaveType' not found in C:\xampp\htdocs\hris\classes\BaseService.php on line 645
[16-Dec-2015 04:24:54 Europe/Berlin] PHP Fatal error:  Class 'LeaveType' not found in C:\xampp\htdocs\hris\classes\BaseService.php on line 645
[16-Dec-2015 04:28:27 Europe/Berlin] PHP Fatal error:  Class 'LeaveStatus' not found in C:\xampp\htdocs\hris\classes\BaseService.php on line 645
[16-Dec-2015 04:28:31 Europe/Berlin] PHP Fatal error:  Class 'LeaveStatus' not found in C:\xampp\htdocs\hris\classes\BaseService.php on line 645
[16-Dec-2015 04:28:32 Europe/Berlin] PHP Fatal error:  Class 'LeaveStatus' not found in C:\xampp\htdocs\hris\classes\BaseService.php on line 645
[16-Dec-2015 04:29:25 Europe/Berlin] PHP Fatal error:  Class 'leavestatus' not found in C:\xampp\htdocs\hris\classes\BaseService.php on line 645
[16-Dec-2015 04:29:35 Europe/Berlin] PHP Fatal error:  Class 'leavestatus' not found in C:\xampp\htdocs\hris\classes\BaseService.php on line 645
[16-Dec-2015 04:29:35 Europe/Berlin] PHP Fatal error:  Class 'leavestatus' not found in C:\xampp\htdocs\hris\classes\BaseService.php on line 645
[16-Dec-2015 04:34:04 Europe/Berlin] PHP Fatal error:  Class 'LeaveAdapter' not found in C:\xampp\htdocs\hris\classes\BaseService.php on line 645
[16-Dec-2015 04:34:07 Europe/Berlin] PHP Fatal error:  Class 'LeaveAdapter' not found in C:\xampp\htdocs\hris\classes\BaseService.php on line 645
[16-Dec-2015 04:34:07 Europe/Berlin] PHP Fatal error:  Class 'LeaveAdapter' not found in C:\xampp\htdocs\hris\classes\BaseService.php on line 645
[16-Dec-2015 04:34:58 Europe/Berlin] PHP Fatal error:  Class 'Leaves' not found in C:\xampp\htdocs\hris\classes\BaseService.php on line 645
[16-Dec-2015 04:34:59 Europe/Berlin] PHP Fatal error:  Class 'Leaves' not found in C:\xampp\htdocs\hris\classes\BaseService.php on line 645
[16-Dec-2015 04:35:00 Europe/Berlin] PHP Fatal error:  Class 'Leaves' not found in C:\xampp\htdocs\hris\classes\BaseService.php on line 645
[2015-12-16 04:41:32] Spark HRIS.INFO: Api File:C:\xampp\htdocs\hris/admin/dashboard/api/DashboardActionManager.php [] []
[2015-12-16 04:41:56] Spark HRIS.INFO: Api File:C:\xampp\htdocs\hris/admin/dashboard/api/DashboardActionManager.php [] []
[2015-12-16 04:42:03] Spark HRIS.INFO: Api File:C:\xampp\htdocs\hris/admin/dashboard/api/DashboardActionManager.php [] []
[2015-12-16 04:43:45] Spark HRIS.INFO: Api File:C:\xampp\htdocs\hris/admin/dashboard/api/DashboardActionManager.php [] []
[2015-12-16 04:46:28] Spark HRIS.INFO: Api File:C:\xampp\htdocs\hris/modules/dashboard/api/DashboardActionManager.php [] []
[2015-12-16 04:46:28] Spark HRIS.INFO: Api File:C:\xampp\htdocs\hris/modules/dashboard/api/DashboardActionManager.php [] []
[2015-12-16 04:46:28] Spark HRIS.INFO: Api File:C:\xampp\htdocs\hris/modules/attendance/api/AttendanceActionManager.php [] []
[2015-12-16 04:47:55] Spark HRIS.INFO: Api File:C:\xampp\htdocs\hris/admin/dashboard/api/DashboardActionManager.php [] []
[2015-12-16 04:49:30] Spark HRIS.INFO: Api File:C:\xampp\htdocs\hris/admin/dashboard/api/DashboardActionManager.php [] []
[2015-12-16 04:50:14] Spark HRIS.INFO: Api File:C:\xampp\htdocs\hris/modules/attendance/api/AttendanceActionManager.php [] []
[2015-12-16 04:50:15] Spark HRIS.INFO: Api File:C:\xampp\htdocs\hris/modules/dashboard/api/DashboardActionManager.php [] []
[2015-12-16 04:50:15] Spark HRIS.INFO: Api File:C:\xampp\htdocs\hris/modules/dashboard/api/DashboardActionManager.php [] []
[2015-12-16 04:50:16] Spark HRIS.INFO: Api File:C:\xampp\htdocs\hris/modules/dashboard/api/DashboardActionManager.php [] []
[2015-12-16 05:57:52] Spark HRIS.INFO: Api File:C:\xampp\htdocs\hris/modules/dashboard/api/DashboardActionManager.php [] []
[2015-12-16 05:57:52] Spark HRIS.INFO: Api File:C:\xampp\htdocs\hris/modules/attendance/api/AttendanceActionManager.php [] []
[2015-12-16 05:57:53] Spark HRIS.INFO: Api File:C:\xampp\htdocs\hris/modules/dashboard/api/DashboardActionManager.php [] []
[2015-12-16 05:57:53] Spark HRIS.INFO: Api File:C:\xampp\htdocs\hris/modules/dashboard/api/DashboardActionManager.php [] []
[2015-12-16 06:00:48] Spark HRIS.INFO: Api File:C:\xampp\htdocs\hris/admin/dashboard/api/DashboardActionManager.php [] []
[2015-12-16 06:00:57] Spark HRIS.INFO: Api File:C:\xampp\htdocs\hris/admin/dashboard/api/DashboardActionManager.php [] []
[2015-12-16 06:33:24] Spark HRIS.INFO: Api File:C:\xampp\htdocs\hris/modules/dashboard/api/DashboardActionManager.php [] []
[2015-12-16 06:33:25] Spark HRIS.INFO: Api File:C:\xampp\htdocs\hris/modules/dashboard/api/DashboardActionManager.php [] []
[2015-12-16 06:33:25] Spark HRIS.INFO: Api File:C:\xampp\htdocs\hris/modules/dashboard/api/DashboardActionManager.php [] []
[2015-12-16 06:33:25] Spark HRIS.INFO: Api File:C:\xampp\htdocs\hris/modules/attendance/api/AttendanceActionManager.php [] []
[2015-12-16 06:36:31] Spark HRIS.INFO: Api File:C:\xampp\htdocs\hris/modules/dashboard/api/DashboardActionManager.php [] []
[2015-12-16 06:36:32] Spark HRIS.INFO: Api File:C:\xampp\htdocs\hris/modules/dashboard/api/DashboardActionManager.php [] []
[2015-12-16 06:36:32] Spark HRIS.INFO: Api File:C:\xampp\htdocs\hris/modules/attendance/api/AttendanceActionManager.php [] []
[2015-12-16 06:36:32] Spark HRIS.INFO: Api File:C:\xampp\htdocs\hris/modules/dashboard/api/DashboardActionManager.php [] []
[16-Dec-2015 06:38:20 Europe/Berlin] PHP Fatal error:  Class 'EmployeeLeaves' not found in C:\xampp\htdocs\hris\classes\BaseService.php on line 645
[16-Dec-2015 06:38:20 Europe/Berlin] PHP Fatal error:  Class 'EmployeeLeaves' not found in C:\xampp\htdocs\hris\classes\BaseService.php on line 645
[16-Dec-2015 06:39:11 Europe/Berlin] PHP Fatal error:  Class 'EmployeeLeaves' not found in C:\xampp\htdocs\hris\classes\BaseService.php on line 645
[16-Dec-2015 06:39:11 Europe/Berlin] PHP Fatal error:  Class 'EmployeeLeaves' not found in C:\xampp\htdocs\hris\classes\BaseService.php on line 645
[16-Dec-2015 06:39:34 Europe/Berlin] PHP Fatal error:  Class 'EmployeeLeaves' not found in C:\xampp\htdocs\hris\classes\BaseService.php on line 645
[16-Dec-2015 06:39:34 Europe/Berlin] PHP Fatal error:  Class 'EmployeeLeaves' not found in C:\xampp\htdocs\hris\classes\BaseService.php on line 645
[16-Dec-2015 06:39:40 Europe/Berlin] PHP Fatal error:  Class 'EmployeeLeaves' not found in C:\xampp\htdocs\hris\classes\BaseService.php on line 645
[16-Dec-2015 06:39:41 Europe/Berlin] PHP Fatal error:  Class 'EmployeeLeaves' not found in C:\xampp\htdocs\hris\classes\BaseService.php on line 645
[2015-12-16 06:48:28] Spark HRIS.INFO: Api File:C:\xampp\htdocs\hris/admin/dashboard/api/DashboardActionManager.php [] []
[16-Dec-2015 07:13:06 Europe/Berlin] PHP Fatal error:  Class 'Employees' not found in C:\xampp\htdocs\hris\classes\BaseService.php on line 645
[16-Dec-2015 07:13:07 Europe/Berlin] PHP Fatal error:  Class 'Employees' not found in C:\xampp\htdocs\hris\classes\BaseService.php on line 645
[16-Dec-2015 07:19:42 Europe/Berlin] PHP Fatal error:  Class 'Employees' not found in C:\xampp\htdocs\hris\classes\BaseService.php on line 645
[16-Dec-2015 07:19:44 Europe/Berlin] PHP Fatal error:  Class 'Employees' not found in C:\xampp\htdocs\hris\classes\BaseService.php on line 645
[2015-12-16 08:46:07] Spark HRIS.INFO: Api File:C:\xampp\htdocs\hris/modules/attendance/api/AttendanceActionManager.php [] []
[2015-12-16 08:46:07] Spark HRIS.INFO: Api File:C:\xampp\htdocs\hris/modules/dashboard/api/DashboardActionManager.php [] []
[2015-12-16 08:46:07] Spark HRIS.INFO: Api File:C:\xampp\htdocs\hris/modules/dashboard/api/DashboardActionManager.php [] []
[2015-12-16 08:46:08] Spark HRIS.INFO: Api File:C:\xampp\htdocs\hris/modules/dashboard/api/DashboardActionManager.php [] []
[2015-12-16 08:46:30] Spark HRIS.INFO: Api File:C:\xampp\htdocs\hris/admin/dashboard/api/DashboardActionManager.php [] []
[2015-12-16 09:41:11] Spark HRIS.INFO: Api File:C:\xampp\htdocs\hris/modules/attendance/api/AttendanceActionManager.php [] []
[2015-12-16 09:41:28] Spark HRIS.INFO: Api File:C:\xampp\htdocs\hris/modules/attendance/api/AttendanceActionManager.php [] []
[2015-12-16 09:41:29] Spark HRIS.INFO: Api File:C:\xampp\htdocs\hris/modules/attendance/api/AttendanceActionManager.php [] []
[2015-12-16 09:41:31] Spark HRIS.INFO: Api File:C:\xampp\htdocs\hris/modules/attendance/api/AttendanceActionManager.php [] []
[2015-12-16 09:41:32] Spark HRIS.INFO: Api File:C:\xampp\htdocs\hris/modules/attendance/api/AttendanceActionManager.php [] []
[2015-12-16 09:42:23] Spark HRIS.INFO: Api File:C:\xampp\htdocs\hris/modules/attendance/api/AttendanceActionManager.php [] []
[2015-12-16 09:50:42] Spark HRIS.INFO: Api File:C:\xampp\htdocs\hris/modules/attendance/api/AttendanceActionManager.php [] []
[2015-12-16 09:50:42] Spark HRIS.INFO: Api File:C:\xampp\htdocs\hris/modules/dashboard/api/DashboardActionManager.php [] []
[2015-12-16 09:50:42] Spark HRIS.INFO: Api File:C:\xampp\htdocs\hris/modules/dashboard/api/DashboardActionManager.php [] []
[2015-12-16 09:50:42] Spark HRIS.INFO: Api File:C:\xampp\htdocs\hris/modules/dashboard/api/DashboardActionManager.php [] []
[2015-12-16 09:54:59] Spark HRIS.INFO: Api File:C:\xampp\htdocs\hris/admin/dashboard/api/DashboardActionManager.php [] []
[2015-12-17 01:53:20] Spark HRIS.INFO: Api File:C:\xampp\htdocs\hris/admin/dashboard/api/DashboardActionManager.php [] []
[2015-12-17 02:15:42] Spark HRIS.INFO: {"_table":"Reports","_dbat":"Reports","_tableat":"Reports","_where":"id = ?","_saved":true,"_lasterr":false,"_original":["5","Employee Time Tracking Report","This report list employee working hours and attendance details for each day for a given period ","[\r\n[ \"employee\", {\"label\":\"Employee\",\"type\":\"select2\",\"allow-null\":false,\"remote-source\":[\"Employee\",\"id\",\"first_name+last_name\"]}],\r\n[ \"date_start\", {\"label\":\"Start Date\",\"type\":\"date\"}],\r\n[ \"date_end\", {\"label\":\"End Date\",\"type\":\"date\"}]\r\n]","EmployeeTimeTrackReport","[\"employee\",\"date_start\",\"date_end\"]","Class"],"foreignName":"report","id":"5","name":"Employee Time Tracking Report","details":"This report list employee working hours and attendance details for each day for a given period ","parameters":"[\r\n[ \"employee\", {\"label\":\"Employee\",\"type\":\"select2\",\"allow-null\":false,\"remote-source\":[\"Employee\",\"id\",\"first_name+last_name\"]}],\r\n[ \"date_start\", {\"label\":\"Start Date\",\"type\":\"date\"}],\r\n[ \"date_end\", {\"label\":\"End Date\",\"type\":\"date\"}]\r\n]","query":"EmployeeTimeTrackReport","paramOrder":"[\"employee\",\"date_start\",\"date_end\"]","type":"Class"} [] []
[2015-12-17 02:15:42] Spark HRIS.INFO: {"employee":"3","date_start":"2009-01-06","date_end":"2016-08-30","id":"5","a":"add","t":"Report"} [] []
[2015-12-17 02:38:00] Spark HRIS.INFO: {"_table":"Reports","_dbat":"Reports","_tableat":"Reports","_where":"id = ?","_saved":true,"_lasterr":false,"_original":["5","Employee Time Tracking Report","This report list employee working hours and attendance details for each day for a given period ","[\r\n[ \"employee\", {\"label\":\"Employee\",\"type\":\"select2\",\"allow-null\":false,\"remote-source\":[\"Employee\",\"id\",\"first_name+last_name\"]}],\r\n[ \"date_start\", {\"label\":\"Start Date\",\"type\":\"date\"}],\r\n[ \"date_end\", {\"label\":\"End Date\",\"type\":\"date\"}]\r\n]","EmployeeTimeTrackReport","[\"employee\",\"date_start\",\"date_end\"]","Class"],"foreignName":"report","id":"5","name":"Employee Time Tracking Report","details":"This report list employee working hours and attendance details for each day for a given period ","parameters":"[\r\n[ \"employee\", {\"label\":\"Employee\",\"type\":\"select2\",\"allow-null\":false,\"remote-source\":[\"Employee\",\"id\",\"first_name+last_name\"]}],\r\n[ \"date_start\", {\"label\":\"Start Date\",\"type\":\"date\"}],\r\n[ \"date_end\", {\"label\":\"End Date\",\"type\":\"date\"}]\r\n]","query":"EmployeeTimeTrackReport","paramOrder":"[\"employee\",\"date_start\",\"date_end\"]","type":"Class"} [] []
[2015-12-17 02:38:01] Spark HRIS.INFO: {"employee":"2","date_start":"2013-05-07","date_end":"2016-08-01","id":"5","a":"add","t":"Report"} [] []
[2015-12-17 02:38:43] Spark HRIS.INFO: {"_table":"Reports","_dbat":"Reports","_tableat":"Reports","_where":"id = ?","_saved":true,"_lasterr":false,"_original":["5","Employee Time Tracking Report","This report list employee working hours and attendance details for each day for a given period ","[\r\n[ \"employee\", {\"label\":\"Employee\",\"type\":\"select2\",\"allow-null\":false,\"remote-source\":[\"Employee\",\"id\",\"first_name+last_name\"]}],\r\n[ \"date_start\", {\"label\":\"Start Date\",\"type\":\"date\"}],\r\n[ \"date_end\", {\"label\":\"End Date\",\"type\":\"date\"}]\r\n]","EmployeeTimeTrackReport","[\"employee\",\"date_start\",\"date_end\"]","Class"],"foreignName":"report","id":"5","name":"Employee Time Tracking Report","details":"This report list employee working hours and attendance details for each day for a given period ","parameters":"[\r\n[ \"employee\", {\"label\":\"Employee\",\"type\":\"select2\",\"allow-null\":false,\"remote-source\":[\"Employee\",\"id\",\"first_name+last_name\"]}],\r\n[ \"date_start\", {\"label\":\"Start Date\",\"type\":\"date\"}],\r\n[ \"date_end\", {\"label\":\"End Date\",\"type\":\"date\"}]\r\n]","query":"EmployeeTimeTrackReport","paramOrder":"[\"employee\",\"date_start\",\"date_end\"]","type":"Class"} [] []
[2015-12-17 02:38:43] Spark HRIS.INFO: {"employee":"3","date_start":"2010-05-03","date_end":"2016-08-24","id":"5","a":"add","t":"Report"} [] []
[2015-12-17 02:58:49] Spark HRIS.INFO: Query:where date_start >= ? and date_end <= ?; [] []
[2015-12-17 02:58:49] Spark HRIS.INFO: Params:["2009-01-01","2016-11-30"] [] []
[2015-12-17 02:58:49] Spark HRIS.INFO: Table 'hrisdb.leaveperiods' doesn't exist [] []
[2015-12-17 03:02:58] Spark HRIS.INFO: Query:where date_start >= ? and date_end <= ?; [] []
[2015-12-17 03:02:58] Spark HRIS.INFO: Params:["2009-07-13","2016-08-23"] [] []
[2015-12-17 03:02:58] Spark HRIS.INFO: Table 'hrisdb.leaveperiods' doesn't exist [] []
[2015-12-17 03:06:35] Spark HRIS.INFO: Query:where date_start >= ? and date_end <= ?; [] []
[2015-12-17 03:06:35] Spark HRIS.INFO: Params:["2009-03-01","2013-05-02"] [] []
[2015-12-17 03:06:35] Spark HRIS.INFO: Table 'hrisdb.leaveperiods' doesn't exist [] []
[2015-12-17 03:10:59] Spark HRIS.INFO: Query: [] []
[2015-12-17 03:10:59] Spark HRIS.INFO: Params:null [] []
[2015-12-17 03:14:54] Spark HRIS.INFO: Query:where status = ? and date_start >= ? and date_end <= ?; [] []
[2015-12-17 03:14:54] Spark HRIS.INFO: Params:["1","2009-01-13","2016-12-29"] [] []
[2015-12-17 03:14:54] Spark HRIS.INFO: Unknown column 'status' in 'where clause' [] []
[2015-12-17 03:20:13] Spark HRIS.INFO: Query: [] []
[2015-12-17 03:20:13] Spark HRIS.INFO: Params:null [] []
[2015-12-17 03:22:09] Spark HRIS.INFO: Query:where date_start >= ? and date_end <= ?; [] []
[2015-12-17 03:22:09] Spark HRIS.INFO: Params:["2010-04-12","2016-08-16"] [] []
[2015-12-17 03:22:33] Spark HRIS.INFO: Query:where date_start >= ? and date_end <= ?; [] []
[2015-12-17 03:22:33] Spark HRIS.INFO: Params:["2010-02-01","2016-08-24"] [] []
[2015-12-17 03:23:07] Spark HRIS.INFO: Query:where status = ? and date_start >= ? and date_end <= ?; [] []
[2015-12-17 03:23:07] Spark HRIS.INFO: Params:["2","2010-02-01","2019-11-13"] [] []
[2015-12-17 03:23:07] Spark HRIS.INFO: Unknown column 'status' in 'where clause' [] []
[2015-12-17 03:24:12] Spark HRIS.INFO: Query:where status = ? and date_start >= ? and date_end <= ?; [] []
[2015-12-17 03:24:12] Spark HRIS.INFO: Params:["1","2009-03-01","2016-08-16"] [] []
[2015-12-17 03:24:12] Spark HRIS.INFO: Unknown column 'status' in 'where clause' [] []
[2015-12-17 03:24:19] Spark HRIS.INFO: Query:where status = ? and date_start >= ? and date_end <= ?; [] []
[2015-12-17 03:24:19] Spark HRIS.INFO: Params:["1","2009-03-01","2016-08-16"] [] []
[2015-12-17 03:24:19] Spark HRIS.INFO: Unknown column 'status' in 'where clause' [] []
[2015-12-17 03:25:42] Spark HRIS.INFO: Query:where leave_status = ? and date_start >= ? and date_end <= ?; [] []
[2015-12-17 03:25:42] Spark HRIS.INFO: Params:["2","2012-07-16","2015-12-01"] [] []
[2015-12-17 03:25:59] Spark HRIS.INFO: Query:where leave_status = ? and date_start >= ? and date_end <= ?; [] []
[2015-12-17 03:25:59] Spark HRIS.INFO: Params:["2","2012-07-16","2015-12-01"] [] []
[2015-12-17 03:27:23] Spark HRIS.INFO: Query:where leave_status = ? and date_start >= ? and date_end <= ?; [] []
[2015-12-17 03:27:23] Spark HRIS.INFO: Params:["2","2015-04-13","2015-12-01"] [] []
[2015-12-17 03:28:45] Spark HRIS.INFO: Query:where leave_status = ? and date_start >= ? and date_end <= ?; [] []
[2015-12-17 03:28:45] Spark HRIS.INFO: Params:["1","2015-04-13","2015-12-01"] [] []
[2015-12-17 03:29:09] Spark HRIS.INFO: Query:where date_start >= ? and date_end <= ?; [] []
[2015-12-17 03:29:09] Spark HRIS.INFO: Params:["2010-02-02","2016-08-23"] [] []
[2015-12-17 03:29:45] Spark HRIS.INFO: Query:where leave_status = ? and date_start >= ? and date_end <= ?; [] []
[2015-12-17 03:29:45] Spark HRIS.INFO: Params:["2","2009-03-01","2016-08-16"] [] []
[2015-12-17 03:46:31] Spark HRIS.INFO: Query:where date_start >= ? and date_end <= ?; [] []
[2015-12-17 03:46:31] Spark HRIS.INFO: Params:["2009-03-01","2016-08-23"] [] []
[2015-12-17 03:49:46] Spark HRIS.INFO: Query:where leave_status = ? and date_start >= ? and date_end <= ?; [] []
[2015-12-17 03:49:46] Spark HRIS.INFO: Params:["2","2015-07-19","2016-08-23"] [] []
[2015-12-17 03:51:06] Spark HRIS.INFO: Query:where date_start >= ? and date_end <= ?; [] []
[2015-12-17 03:51:06] Spark HRIS.INFO: Params:["2009-02-28","2016-08-17"] [] []
[2015-12-17 03:55:57] Spark HRIS.INFO: Query:where employee in () and date_start >= ? and date_end <= ?; [] []
[2015-12-17 03:55:57] Spark HRIS.INFO: Params:["2015-03-30","2016-01-03"] [] []
[2015-12-17 03:55:57] Spark HRIS.INFO: You have an error in your SQL syntax; check the manual that corresponds to your MariaDB server version for the right syntax to use near ') and date_start >= '2015-03-30' and date_end <= '2016-01-03'' at line 7 [] []
[2015-12-17 03:56:57] Spark HRIS.INFO: Query:where date_start >= ? and date_end <= ?; [] []
[2015-12-17 03:56:57] Spark HRIS.INFO: Params:["2010-02-01","2016-08-24"] [] []
[2015-12-17 03:58:12] Spark HRIS.INFO: Query:where date_start >= ? and date_end <= ?  and leave_status = ?  and leave_type = ? ; [] []
[2015-12-17 03:58:12] Spark HRIS.INFO: Params:["2009-03-01","2015-12-24","2","1"] [] []
[2015-12-17 03:59:22] Spark HRIS.INFO: Query:where date_start >= ? and date_end <= ?  and employee in (); [] []
[2015-12-17 03:59:22] Spark HRIS.INFO: Params:["2009-07-01","2016-08-23"] [] []
[2015-12-17 03:59:22] Spark HRIS.INFO: You have an error in your SQL syntax; check the manual that corresponds to your MariaDB server version for the right syntax to use near ')' at line 7 [] []
[2015-12-17 04:00:10] Spark HRIS.INFO: Query:where date_start >= ? and date_end <= ?; [] []
[2015-12-17 04:00:10] Spark HRIS.INFO: Params:["2010-02-03","2016-08-23"] [] []
[2015-12-17 04:00:33] Spark HRIS.INFO: Query:where employee in () and date_start >= ? and date_end <= ?; [] []
[2015-12-17 04:00:34] Spark HRIS.INFO: Params:["2009-03-01","2016-08-16"] [] []
[2015-12-17 04:00:34] Spark HRIS.INFO: You have an error in your SQL syntax; check the manual that corresponds to your MariaDB server version for the right syntax to use near ') and date_start >= '2009-03-01' and date_end <= '2016-08-16'' at line 7 [] []
[2015-12-17 04:01:38] Spark HRIS.INFO: Query:where date_start >= ? and date_end <= ? ; [] []
[2015-12-17 04:01:38] Spark HRIS.INFO: Params:["2010-02-08","2019-11-27"] [] []
[2015-12-17 04:01:52] Spark HRIS.INFO: Query:where date_start >= ? and date_end <= ? ; [] []
[2015-12-17 04:01:52] Spark HRIS.INFO: Params:["2010-02-08","2019-11-27"] [] []
[2015-12-17 04:02:04] Spark HRIS.INFO: Query:where date_start >= ? and date_end <= ? ; [] []
[2015-12-17 04:02:04] Spark HRIS.INFO: Params:["2010-02-08","2019-11-27"] [] []
[2015-12-17 04:02:20] Spark HRIS.INFO: Query:where date_start >= ? and date_end <= ?  and employee in (); [] []
[2015-12-17 04:02:20] Spark HRIS.INFO: Params:["2009-03-01","2016-08-24"] [] []
[2015-12-17 04:02:28] Spark HRIS.INFO: Query:where date_start >= ? and date_end <= ?  and employee in (); [] []
[2015-12-17 04:02:28] Spark HRIS.INFO: Params:["2009-03-01","2016-08-24"] [] []
[2015-12-17 04:02:28] Spark HRIS.INFO: You have an error in your SQL syntax; check the manual that corresponds to your MariaDB server version for the right syntax to use near ')' at line 7 [] []
[2015-12-17 04:02:56] Spark HRIS.INFO: Query:where date_start >= ? and date_end <= ?  and employee in (); [] []
[2015-12-17 04:02:56] Spark HRIS.INFO: Params:["2009-03-01","2016-08-24"] [] []
[2015-12-17 04:04:35] Spark HRIS.INFO: Query:where date_start >= ? and date_end <= ?  and employee =2); [] []
[2015-12-17 04:04:35] Spark HRIS.INFO: Params:["2009-03-01","2016-08-24"] [] []
[2015-12-17 04:05:01] Spark HRIS.INFO: Query:where date_start >= ? and date_end <= ? ; [] []
[2015-12-17 04:05:01] Spark HRIS.INFO: Params:["2010-02-28","2016-08-23"] [] []
[2015-12-17 04:06:55] Spark HRIS.INFO: Query:where date_start >= ? and date_end <= ?  and employee =2; [] []
[2015-12-17 04:06:55] Spark HRIS.INFO: Params:["2010-02-01","2019-11-26"] [] []
[2015-12-17 04:08:49] Spark HRIS.INFO: Query:where date_start >= ? and date_end <= ?  and employee =3; [] []
[2015-12-17 04:08:49] Spark HRIS.INFO: Params:["2012-08-01","2016-09-05"] [] []
[2015-12-17 04:09:14] Spark HRIS.INFO: Query:where date_start >= ? and date_end <= ?  and employee =3 and leave_type = ? ; [] []
[2015-12-17 04:09:14] Spark HRIS.INFO: Params:["2012-02-13","2016-07-19","1"] [] []
[17-Dec-2015 05:12:13 Europe/London] PHP Warning:  include(C:\xampp\htdocs\hris/login.php) [<a href='function.include'>function.include</a>]: failed to open stream: No such file or directory in C:\Program Files (x86)\Ampps\www\hris\app\login.php on line 3
[17-Dec-2015 05:12:13 Europe/London] PHP Warning:  include(C:\xampp\htdocs\hris/login.php) [<a href='function.include'>function.include</a>]: failed to open stream: No such file or directory in C:\Program Files (x86)\Ampps\www\hris\app\login.php on line 3
[17-Dec-2015 05:12:13 Europe/London] PHP Warning:  include() [<a href='function.include'>function.include</a>]: Failed opening 'C:\xampp\htdocs\hris/login.php' for inclusion (include_path='.;C:\php\pear') in C:\Program Files (x86)\Ampps\www\hris\app\login.php on line 3
[17-Dec-2015 05:14:33 Europe/London] PHP Fatal error:  Call to a member function SetFetchMode() on a non-object in C:\Program Files (x86)\Ampps\www\hris\adodb512\adodb-active-record.inc.php on line 405
[2015-12-17 05:15:19] Spark HRIS.INFO: Api File:C:\Program Files (x86)\Ampps\www\hris/admin/dashboard/api/DashboardActionManager.php [] []
[2015-12-17 05:41:44] Spark HRIS.INFO: {"employee":"2"} [] []
[2015-12-17 05:41:50] Spark HRIS.INFO: {"leave_type_id":"2"} [] []
[2015-12-17 05:42:29] Spark HRIS.INFO: {"leave_type_id":"2"} [] []
[2015-12-17 05:43:22] Spark HRIS.INFO: {"leave_type_id":"2"} [] []
[2015-12-17 05:43:58] Spark HRIS.INFO: {"leave_type_id":"2"} [] []
[2015-12-17 05:44:08] Spark HRIS.INFO: {"leave_type_id":"1"} [] []
[2015-12-17 05:45:46] Spark HRIS.INFO: {"leave_type_id":"1"} [] []
[2015-12-17 05:46:21] Spark HRIS.INFO: {"leave_type_id":"4"} [] []
[2015-12-17 05:48:25] Spark HRIS.INFO: {"leave_type":"2"} [] []
[2015-12-17 05:58:20] Spark HRIS.INFO: Column 'leave_status' cannot be null [] []
[2015-12-17 06:11:53] Spark HRIS.INFO: Column 'leave_status' cannot be null [] []
[2015-12-17 06:12:55] Spark HRIS.INFO: Column 'leave_status' cannot be null [] []
[2015-12-17 06:16:25] Spark HRIS.INFO: Column 'leave_status' cannot be null [] []
[2015-12-17 06:51:38] Spark HRIS.INFO: Column 'leave_status' cannot be null [] []
[2015-12-17 06:51:59] Spark HRIS.INFO: Column 'leave_status' cannot be null [] []
[2015-12-17 06:52:33] Spark HRIS.INFO: Column 'leave_status' cannot be null [] []
[2015-12-17 07:00:06] Spark HRIS.INFO: Column 'leave_status' cannot be null [] []
[2015-12-17 07:02:10] Spark HRIS.INFO: Column 'leave_status' cannot be null [] []
[17-Dec-2015 07:07:53 Europe/London] PHP Fatal error:  Class 'SalaryComponent' not found in C:\Program Files (x86)\Ampps\www\hris\classes\BaseService.php on line 645
[17-Dec-2015 07:07:53 Europe/London] PHP Fatal error:  Class 'SalaryComponent' not found in C:\Program Files (x86)\Ampps\www\hris\classes\BaseService.php on line 645
[2015-12-17 07:08:24] Spark HRIS.INFO: Api File:C:\Program Files (x86)\Ampps\www\hris/modules/attendance/api/AttendanceActionManager.php [] []
[2015-12-17 07:08:27] Spark HRIS.INFO: Api File:C:\Program Files (x86)\Ampps\www\hris/modules/attendance/api/AttendanceActionManager.php [] []
[2015-12-17 07:21:52] Spark HRIS.INFO: Api File:C:\Program Files (x86)\Ampps\www\hris/admin/dashboard/api/DashboardActionManager.php [] []
[2015-12-17 07:22:37] Spark HRIS.INFO: Api File:C:\Program Files (x86)\Ampps\www\hris/admin/dashboard/api/DashboardActionManager.php [] []
[2015-12-17 07:22:47] Spark HRIS.INFO: Api File:C:\Program Files (x86)\Ampps\www\hris/admin/dashboard/api/DashboardActionManager.php [] []
[2015-12-17 07:26:18] Spark HRIS.INFO: Api File:C:\Program Files (x86)\Ampps\www\hris/admin/users/api/UsersActionManager.php [] []
[2015-12-17 07:31:25] Spark HRIS.INFO: Api File:C:\Program Files (x86)\Ampps\www\hris/admin/dashboard/api/DashboardActionManager.php [] []
[2015-12-17 07:48:56] Spark HRIS.INFO: Column 'leave_status' cannot be null [] []
[2015-12-17 07:49:12] Spark HRIS.INFO: Column 'leave_status' cannot be null [] []
